This is pdfTeX, Version 3.14159265-2.6-1.40.20 (TeX Live 2019) (preloaded format=pdflatex 2019.5.8)  15 NOV 2019 16:29
entering extended mode
 restricted \write18 enabled.
 %&-line parsing enabled.
**ms.tex
(./ms.tex
LaTeX2e <2018-12-01>
(/usr/local/texlive/2019/texmf-dist/tex/latex/IEEEtran/IEEEtran.cls
Document Class: IEEEtran 2015/08/26 V1.8b by Michael Shell
-- See the "IEEEtran_HOWTO" manual for usage information.
-- http://www.michaelshell.org/tex/ieeetran/
\@IEEEtrantmpdimenA=\dimen102
\@IEEEtrantmpdimenB=\dimen103
\@IEEEtrantmpdimenC=\dimen104
\@IEEEtrantmpcountA=\count80
\@IEEEtrantmpcountB=\count81
\@IEEEtrantmpcountC=\count82
\@IEEEtrantmptoksA=\toks14
LaTeX Font Info:    Try loading font information for OT1+ptm on input line 503.

(/usr/local/texlive/2019/texmf-dist/tex/latex/psnfss/ot1ptm.fd
File: ot1ptm.fd 2001/06/04 font definitions for OT1/ptm.
)
-- Using 8.5in x 11in (letter) paper.
-- Using PDF output.
\@IEEEnormalsizeunitybaselineskip=\dimen105
-- This is a 10 point document.
\CLASSINFOnormalsizebaselineskip=\dimen106
\CLASSINFOnormalsizeunitybaselineskip=\dimen107
\IEEEnormaljot=\dimen108
LaTeX Font Info:    Font shape `OT1/ptm/bx/n' in size <5> not available
(Font)              Font shape `OT1/ptm/b/n' tried instead on input line 1090.
LaTeX Font Info:    Font shape `OT1/ptm/bx/it' in size <5> not available
(Font)              Font shape `OT1/ptm/b/it' tried instead on input line 1090.

LaTeX Font Info:    Font shape `OT1/ptm/bx/n' in size <7> not available
(Font)              Font shape `OT1/ptm/b/n' tried instead on input line 1090.
LaTeX Font Info:    Font shape `OT1/ptm/bx/it' in size <7> not available
(Font)              Font shape `OT1/ptm/b/it' tried instead on input line 1090.

LaTeX Font Info:    Font shape `OT1/ptm/bx/n' in size <8> not available
(Font)              Font shape `OT1/ptm/b/n' tried instead on input line 1090.
LaTeX Font Info:    Font shape `OT1/ptm/bx/it' in size <8> not available
(Font)              Font shape `OT1/ptm/b/it' tried instead on input line 1090.

LaTeX Font Info:    Font shape `OT1/ptm/bx/n' in size <9> not available
(Font)              Font shape `OT1/ptm/b/n' tried instead on input line 1090.
LaTeX Font Info:    Font shape `OT1/ptm/bx/it' in size <9> not available
(Font)              Font shape `OT1/ptm/b/it' tried instead on input line 1090.

LaTeX Font Info:    Font shape `OT1/ptm/bx/n' in size <10> not available
(Font)              Font shape `OT1/ptm/b/n' tried instead on input line 1090.
LaTeX Font Info:    Font shape `OT1/ptm/bx/it' in size <10> not available
(Font)              Font shape `OT1/ptm/b/it' tried instead on input line 1090.

LaTeX Font Info:    Font shape `OT1/ptm/bx/n' in size <11> not available
(Font)              Font shape `OT1/ptm/b/n' tried instead on input line 1090.
LaTeX Font Info:    Font shape `OT1/ptm/bx/it' in size <11> not available
(Font)              Font shape `OT1/ptm/b/it' tried instead on input line 1090.

LaTeX Font Info:    Font shape `OT1/ptm/bx/n' in size <12> not available
(Font)              Font shape `OT1/ptm/b/n' tried instead on input line 1090.
LaTeX Font Info:    Font shape `OT1/ptm/bx/it' in size <12> not available
(Font)              Font shape `OT1/ptm/b/it' tried instead on input line 1090.

LaTeX Font Info:    Font shape `OT1/ptm/bx/n' in size <17> not available
(Font)              Font shape `OT1/ptm/b/n' tried instead on input line 1090.
LaTeX Font Info:    Font shape `OT1/ptm/bx/it' in size <17> not available
(Font)              Font shape `OT1/ptm/b/it' tried instead on input line 1090.

LaTeX Font Info:    Font shape `OT1/ptm/bx/n' in size <20> not available
(Font)              Font shape `OT1/ptm/b/n' tried instead on input line 1090.
LaTeX Font Info:    Font shape `OT1/ptm/bx/it' in size <20> not available
(Font)              Font shape `OT1/ptm/b/it' tried instead on input line 1090.

LaTeX Font Info:    Font shape `OT1/ptm/bx/n' in size <24> not available
(Font)              Font shape `OT1/ptm/b/n' tried instead on input line 1090.
LaTeX Font Info:    Font shape `OT1/ptm/bx/it' in size <24> not available
(Font)              Font shape `OT1/ptm/b/it' tried instead on input line 1090.

\IEEEquantizedlength=\dimen109
\IEEEquantizedlengthdiff=\dimen110
\IEEEquantizedtextheightdiff=\dimen111
\IEEEilabelindentA=\dimen112
\IEEEilabelindentB=\dimen113
\IEEEilabelindent=\dimen114
\IEEEelabelindent=\dimen115
\IEEEdlabelindent=\dimen116
\IEEElabelindent=\dimen117
\IEEEiednormlabelsep=\dimen118
\IEEEiedmathlabelsep=\dimen119
\IEEEiedtopsep=\skip41
\c@section=\count83
\c@subsection=\count84
\c@subsubsection=\count85
\c@paragraph=\count86
\c@IEEEsubequation=\count87
\abovecaptionskip=\skip42
\belowcaptionskip=\skip43
\c@figure=\count88
\c@table=\count89
\@IEEEeqnnumcols=\count90
\@IEEEeqncolcnt=\count91
\@IEEEsubeqnnumrollback=\count92
\@IEEEquantizeheightA=\dimen120
\@IEEEquantizeheightB=\dimen121
\@IEEEquantizeheightC=\dimen122
\@IEEEquantizeprevdepth=\dimen123
\@IEEEquantizemultiple=\count93
\@IEEEquantizeboxA=\box27
\@IEEEtmpitemindent=\dimen124
\IEEEPARstartletwidth=\dimen125
\c@IEEEbiography=\count94
\@IEEEtranrubishbin=\box28
) (/usr/local/texlive/2019/texmf-dist/tex/latex/comment/comment.sty
\CommentStream=\write3

Excluding comment 'comment')
(/usr/local/texlive/2019/texmf-dist/tex/latex/base/inputenc.sty
Package: inputenc 2018/08/11 v1.3c Input encoding file
\inpenc@prehook=\toks15
\inpenc@posthook=\toks16

(/usr/local/texlive/2019/texmf-dist/tex/latex/base/latin1.def
File: latin1.def 2018/08/11 v1.3c Input encoding file
))
(/usr/local/texlive/2019/texmf-dist/tex/latex/base/fontenc.sty
Package: fontenc 2018/08/11 v2.0j Standard LaTeX package

(/usr/local/texlive/2019/texmf-dist/tex/latex/base/t1enc.def
File: t1enc.def 2018/08/11 v2.0j Standard LaTeX file
LaTeX Font Info:    Redeclaring font encoding T1 on input line 48.
)
LaTeX Font Info:    Try loading font information for T1+ptm on input line 105.

(/usr/local/texlive/2019/texmf-dist/tex/latex/psnfss/t1ptm.fd
File: t1ptm.fd 2001/06/04 font definitions for T1/ptm.
))
\c@theorem=\count95

(/usr/local/texlive/2019/texmf-dist/tex/latex/graphics/graphicx.sty
Package: graphicx 2017/06/01 v1.1a Enhanced LaTeX Graphics (DPC,SPQR)

(/usr/local/texlive/2019/texmf-dist/tex/latex/graphics/keyval.sty
Package: keyval 2014/10/28 v1.15 key=value parser (DPC)
\KV@toks@=\toks17
)
(/usr/local/texlive/2019/texmf-dist/tex/latex/graphics/graphics.sty
Package: graphics 2017/06/25 v1.2c Standard LaTeX Graphics (DPC,SPQR)

(/usr/local/texlive/2019/texmf-dist/tex/latex/graphics/trig.sty
Package: trig 2016/01/03 v1.10 sin cos tan (DPC)
)
(/usr/local/texlive/2019/texmf-dist/tex/latex/graphics-cfg/graphics.cfg
File: graphics.cfg 2016/06/04 v1.11 sample graphics configuration
)
Package graphics Info: Driver file: pdftex.def on input line 99.

(/usr/local/texlive/2019/texmf-dist/tex/latex/graphics-def/pdftex.def
File: pdftex.def 2018/01/08 v1.0l Graphics/color driver for pdftex
))
\Gin@req@height=\dimen126
\Gin@req@width=\dimen127
)
(/usr/local/texlive/2019/texmf-dist/tex/latex/subfigure/subfigure.sty
Package: subfigure 2002/03/15 v2.1.5 subfigure package
\subfigtopskip=\skip44
\subfigcapskip=\skip45
\subfigcaptopadj=\dimen128
\subfigbottomskip=\skip46
\subfigcapmargin=\dimen129
\subfiglabelskip=\skip47
\c@subfigure=\count96
\c@lofdepth=\count97
\c@subtable=\count98
\c@lotdepth=\count99

****************************************
* Local config file subfigure.cfg used *
****************************************
(/usr/local/texlive/2019/texmf-dist/tex/latex/subfigure/subfigure.cfg)
\subfig@top=\skip48
\subfig@bottom=\skip49
)
(/usr/local/texlive/2019/texmf-dist/tex/latex/algorithms/algorithm.sty
Package: algorithm 2009/08/24 v0.1 Document Style `algorithm' - floating enviro
nment

(/usr/local/texlive/2019/texmf-dist/tex/latex/float/float.sty
Package: float 2001/11/08 v1.3d Float enhancements (AL)
\c@float@type=\count100
\float@exts=\toks18
\float@box=\box29
\@float@everytoks=\toks19
\@floatcapt=\box30
)
(/usr/local/texlive/2019/texmf-dist/tex/latex/base/ifthen.sty
Package: ifthen 2014/09/29 v1.1c Standard LaTeX ifthen package (DPC)
)
\@float@every@algorithm=\toks20
\c@algorithm=\count101
)
(/usr/local/texlive/2019/texmf-dist/tex/latex/algorithmicx/algorithmicx.sty
Package: algorithmicx 2005/04/27 v1.2 Algorithmicx

Document Style algorithmicx 1.2 - a greatly improved `algorithmic' style
\c@ALG@line=\count102
\c@ALG@rem=\count103
\c@ALG@nested=\count104
\ALG@tlm=\skip50
\ALG@thistlm=\skip51
\c@ALG@Lnr=\count105
\c@ALG@blocknr=\count106
\c@ALG@storecount=\count107
\c@ALG@tmpcounter=\count108
\ALG@tmplength=\skip52
) (/usr/local/texlive/2019/texmf-dist/tex/latex/algorithmicx/algpseudocode.sty
Package: algpseudocode 

Document Style - pseudocode environments for use with the `algorithmicx' style
) (/usr/local/texlive/2019/texmf-dist/tex/latex/amsmath/amsmath.sty
Package: amsmath 2018/12/01 v2.17b AMS math features
\@mathmargin=\skip53

For additional information on amsmath, use the `?' option.
(/usr/local/texlive/2019/texmf-dist/tex/latex/amsmath/amstext.sty
Package: amstext 2000/06/29 v2.01 AMS text

(/usr/local/texlive/2019/texmf-dist/tex/latex/amsmath/amsgen.sty
File: amsgen.sty 1999/11/30 v2.0 generic functions
\@emptytoks=\toks21
\ex@=\dimen130
))
(/usr/local/texlive/2019/texmf-dist/tex/latex/amsmath/amsbsy.sty
Package: amsbsy 1999/11/29 v1.2d Bold Symbols
\pmbraise@=\dimen131
)
(/usr/local/texlive/2019/texmf-dist/tex/latex/amsmath/amsopn.sty
Package: amsopn 2016/03/08 v2.02 operator names
)
\inf@bad=\count109
LaTeX Info: Redefining \frac on input line 223.
\uproot@=\count110
\leftroot@=\count111
LaTeX Info: Redefining \overline on input line 385.
\classnum@=\count112
\DOTSCASE@=\count113
LaTeX Info: Redefining \ldots on input line 482.
LaTeX Info: Redefining \dots on input line 485.
LaTeX Info: Redefining \cdots on input line 606.
\Mathstrutbox@=\box31
\strutbox@=\box32
\big@size=\dimen132
LaTeX Font Info:    Redeclaring font encoding OML on input line 729.
LaTeX Font Info:    Redeclaring font encoding OMS on input line 730.
\macc@depth=\count114
\c@MaxMatrixCols=\count115
\dotsspace@=\muskip10
\c@parentequation=\count116
\dspbrk@lvl=\count117
\tag@help=\toks22
\row@=\count118
\column@=\count119
\maxfields@=\count120
\andhelp@=\toks23
\eqnshift@=\dimen133
\alignsep@=\dimen134
\tagshift@=\dimen135
\tagwidth@=\dimen136
\totwidth@=\dimen137
\lineht@=\dimen138
\@envbody=\toks24
\multlinegap=\skip54
\multlinetaggap=\skip55
\mathdisplay@stack=\toks25
LaTeX Info: Redefining \[ on input line 2844.
LaTeX Info: Redefining \] on input line 2845.
)
(/usr/local/texlive/2019/texmf-dist/tex/latex/url/url.sty
\Urlmuskip=\muskip11
Package: url 2013/09/16  ver 3.4  Verb mode for urls, etc.
)
(/usr/local/texlive/2019/texmf-dist/tex/latex/tools/array.sty
Package: array 2018/12/30 v2.4k Tabular extension package (FMi)
\col@sep=\dimen139
\ar@mcellbox=\box33
\extrarowheight=\dimen140
\NC@list=\toks26
\extratabsurround=\skip56
\backup@length=\skip57
\ar@cellbox=\box34
)
(/usr/local/texlive/2019/texmf-dist/tex/latex/multirow/multirow.sty
Package: multirow 2019/01/01 v2.4 Span multiple rows of a table
\multirow@colwidth=\skip58
\multirow@cntb=\count121
\multirow@dima=\skip59
\bigstrutjot=\dimen141
) (./ms.aux)
\openout1 = `ms.aux'.

LaTeX Font Info:    Checking defaults for OML/cmm/m/it on input line 53.
LaTeX Font Info:    ... okay on input line 53.
LaTeX Font Info:    Checking defaults for T1/cmr/m/n on input line 53.
LaTeX Font Info:    ... okay on input line 53.
LaTeX Font Info:    Checking defaults for OT1/cmr/m/n on input line 53.
LaTeX Font Info:    ... okay on input line 53.
LaTeX Font Info:    Checking defaults for OMS/cmsy/m/n on input line 53.
LaTeX Font Info:    ... okay on input line 53.
LaTeX Font Info:    Checking defaults for OMX/cmex/m/n on input line 53.
LaTeX Font Info:    ... okay on input line 53.
LaTeX Font Info:    Checking defaults for U/cmr/m/n on input line 53.
LaTeX Font Info:    ... okay on input line 53.
LaTeX Font Info:    Font shape `T1/ptm/bx/n' in size <5> not available
(Font)              Font shape `T1/ptm/b/n' tried instead on input line 53.
LaTeX Font Info:    Font shape `T1/ptm/bx/it' in size <5> not available
(Font)              Font shape `T1/ptm/b/it' tried instead on input line 53.
LaTeX Font Info:    Font shape `T1/ptm/bx/n' in size <7> not available
(Font)              Font shape `T1/ptm/b/n' tried instead on input line 53.
LaTeX Font Info:    Font shape `T1/ptm/bx/it' in size <7> not available
(Font)              Font shape `T1/ptm/b/it' tried instead on input line 53.
LaTeX Font Info:    Font shape `T1/ptm/bx/n' in size <8> not available
(Font)              Font shape `T1/ptm/b/n' tried instead on input line 53.
LaTeX Font Info:    Font shape `T1/ptm/bx/it' in size <8> not available
(Font)              Font shape `T1/ptm/b/it' tried instead on input line 53.
LaTeX Font Info:    Font shape `T1/ptm/bx/n' in size <9> not available
(Font)              Font shape `T1/ptm/b/n' tried instead on input line 53.
LaTeX Font Info:    Font shape `T1/ptm/bx/it' in size <9> not available
(Font)              Font shape `T1/ptm/b/it' tried instead on input line 53.
LaTeX Font Info:    Font shape `T1/ptm/bx/n' in size <10> not available
(Font)              Font shape `T1/ptm/b/n' tried instead on input line 53.
LaTeX Font Info:    Font shape `T1/ptm/bx/it' in size <10> not available
(Font)              Font shape `T1/ptm/b/it' tried instead on input line 53.
LaTeX Font Info:    Font shape `T1/ptm/bx/n' in size <11> not available
(Font)              Font shape `T1/ptm/b/n' tried instead on input line 53.
LaTeX Font Info:    Font shape `T1/ptm/bx/it' in size <11> not available
(Font)              Font shape `T1/ptm/b/it' tried instead on input line 53.
LaTeX Font Info:    Font shape `T1/ptm/bx/n' in size <12> not available
(Font)              Font shape `T1/ptm/b/n' tried instead on input line 53.
LaTeX Font Info:    Font shape `T1/ptm/bx/it' in size <12> not available
(Font)              Font shape `T1/ptm/b/it' tried instead on input line 53.
LaTeX Font Info:    Font shape `T1/ptm/bx/n' in size <17> not available
(Font)              Font shape `T1/ptm/b/n' tried instead on input line 53.
LaTeX Font Info:    Font shape `T1/ptm/bx/it' in size <17> not available
(Font)              Font shape `T1/ptm/b/it' tried instead on input line 53.
LaTeX Font Info:    Font shape `T1/ptm/bx/n' in size <20> not available
(Font)              Font shape `T1/ptm/b/n' tried instead on input line 53.
LaTeX Font Info:    Font shape `T1/ptm/bx/it' in size <20> not available
(Font)              Font shape `T1/ptm/b/it' tried instead on input line 53.
LaTeX Font Info:    Font shape `T1/ptm/bx/n' in size <24> not available
(Font)              Font shape `T1/ptm/b/n' tried instead on input line 53.
LaTeX Font Info:    Font shape `T1/ptm/bx/it' in size <24> not available
(Font)              Font shape `T1/ptm/b/it' tried instead on input line 53.
-- Lines per column: 56 (exact).
(/usr/local/texlive/2019/texmf-dist/tex/context/base/mkii/supp-pdf.mkii
[Loading MPS to PDF converter (version 2006.09.02).]
\scratchcounter=\count122
\scratchdimen=\dimen142
\scratchbox=\box35
\nofMPsegments=\count123
\nofMParguments=\count124
\everyMPshowfont=\toks27
\MPscratchCnt=\count125
\MPscratchDim=\dimen143
\MPnumerator=\count126
\makeMPintoPDFobject=\count127
\everyMPtoPDFconversion=\toks28
) (/usr/local/texlive/2019/texmf-dist/tex/latex/oberdiek/epstopdf-base.sty
Package: epstopdf-base 2016/05/15 v2.6 Base part for package epstopdf

(/usr/local/texlive/2019/texmf-dist/tex/generic/oberdiek/infwarerr.sty
Package: infwarerr 2016/05/16 v1.4 Providing info/warning/error messages (HO)
)
(/usr/local/texlive/2019/texmf-dist/tex/latex/oberdiek/grfext.sty
Package: grfext 2016/05/16 v1.2 Manage graphics extensions (HO)

(/usr/local/texlive/2019/texmf-dist/tex/generic/oberdiek/kvdefinekeys.sty
Package: kvdefinekeys 2016/05/16 v1.4 Define keys (HO)

(/usr/local/texlive/2019/texmf-dist/tex/generic/oberdiek/ltxcmds.sty
Package: ltxcmds 2016/05/16 v1.23 LaTeX kernel commands for general use (HO)
)))
(/usr/local/texlive/2019/texmf-dist/tex/latex/oberdiek/kvoptions.sty
Package: kvoptions 2016/05/16 v3.12 Key value format for package options (HO)

(/usr/local/texlive/2019/texmf-dist/tex/generic/oberdiek/kvsetkeys.sty
Package: kvsetkeys 2016/05/16 v1.17 Key value parser (HO)

(/usr/local/texlive/2019/texmf-dist/tex/generic/oberdiek/etexcmds.sty
Package: etexcmds 2016/05/16 v1.6 Avoid name clashes with e-TeX commands (HO)

(/usr/local/texlive/2019/texmf-dist/tex/generic/oberdiek/ifluatex.sty
Package: ifluatex 2016/05/16 v1.4 Provides the ifluatex switch (HO)
Package ifluatex Info: LuaTeX not detected.
))))
(/usr/local/texlive/2019/texmf-dist/tex/generic/oberdiek/pdftexcmds.sty
Package: pdftexcmds 2018/09/10 v0.29 Utility functions of pdfTeX for LuaTeX (HO
)

(/usr/local/texlive/2019/texmf-dist/tex/generic/oberdiek/ifpdf.sty
Package: ifpdf 2018/09/07 v3.3 Provides the ifpdf switch
)
Package pdftexcmds Info: LuaTeX not detected.
Package pdftexcmds Info: \pdf@primitive is available.
Package pdftexcmds Info: \pdf@ifprimitive is available.
Package pdftexcmds Info: \pdfdraftmode found.
)
Package epstopdf-base Info: Redefining graphics rule for `.eps' on input line 4
38.
Package grfext Info: Graphics extension search list:
(grfext)             [.pdf,.png,.jpg,.mps,.jpeg,.jbig2,.jb2,.PDF,.PNG,.JPG,.JPE
G,.JBIG2,.JB2,.eps]
(grfext)             \AppendGraphicsExtensions on input line 456.

(/usr/local/texlive/2019/texmf-dist/tex/latex/latexconfig/epstopdf-sys.cfg
File: epstopdf-sys.cfg 2010/07/13 v1.3 Configuration of (r)epstopdf for TeX Liv
e
))
LaTeX Font Info:    Calculating math sizes for size <11> on input line 65.

(./tex/abstract.tex) (./tex/introduction.tex
Underfull \hbox (badness 5592) in paragraph at lines 34--41
\T1/ptm/m/n/10 ing bet-ter statis-tics es-ti-ma-tion, re-cently a few al-go-
 []


Underfull \hbox (badness 2837) in paragraph at lines 34--41
\T1/ptm/m/n/10 rithms that make en-hance-ment to a naive hash ta-ble
 []


Underfull \hbox (badness 4647) in paragraph at lines 34--41
\T1/ptm/m/n/10 and in-te-grate sketches have been pro-posed, in-clud-ing
 []


Underfull \hbox (badness 1881) in paragraph at lines 68--81
[]\T1/ptm/m/n/10 We have im-ple-mented Hash-Flow, as well as sev-eral
 []

[1{/usr/local/texlive/2019/texmf-var/fonts/map/pdftex/updmap/pdftex.map}


])
(./tex/background_motivation.tex
Underfull \hbox (badness 2790) in paragraph at lines 15--17
[]\T1/ptm/m/n/10 Before pre-sent-ing Hash-Flow, we briefly re-view sev-
 []


Underfull \hbox (badness 7704) in paragraph at lines 15--17
\T1/ptm/m/n/10 eral re-cently pro-posed al-go-rithms, i.e., HashPipe[[]],
 []

[2]) (./tex/algorithm.tex
<./figures/datastructure/datastructure.pdf, id=17, 473.51906pt x 289.08pt>
File: ./figures/datastructure/datastructure.pdf Graphic file (type pdf)
<use ./figures/datastructure/datastructure.pdf>
Package pdftex.def Info: ./figures/datastructure/datastructure.pdf  used on inp
ut line 106.
(pdftex.def)             Requested size: 250.77312pt x 153.09256pt.
 [3]
<figures/exp84481/hash_table_utilization.pdf, id=24, 454.23262pt x 509.47514pt>

File: figures/exp84481/hash_table_utilization.pdf Graphic file (type pdf)
<use figures/exp84481/hash_table_utilization.pdf>
Package pdftex.def Info: figures/exp84481/hash_table_utilization.pdf  used on i
nput line 212.
(pdftex.def)             Requested size: 123.84283pt x 138.90501pt.
<figures/exp84489/pipelined_tables_utilization_ratio_10.pdf, id=25, 454.23262pt
 x 509.47514pt>
File: figures/exp84489/pipelined_tables_utilization_ratio_10.pdf Graphic file (
type pdf)
<use figures/exp84489/pipelined_tables_utilization_ratio_10.pdf>
Package pdftex.def Info: figures/exp84489/pipelined_tables_utilization_ratio_10
.pdf  used on input line 212.
(pdftex.def)             Requested size: 123.84283pt x 138.90501pt.
<figures/exp84489/pipelined_tables_utilization_ratio_20.pdf, id=26, 454.23262pt
 x 509.47514pt>
File: figures/exp84489/pipelined_tables_utilization_ratio_20.pdf Graphic file (
type pdf)
<use figures/exp84489/pipelined_tables_utilization_ratio_20.pdf>
Package pdftex.def Info: figures/exp84489/pipelined_tables_utilization_ratio_20
.pdf  used on input line 212.
(pdftex.def)             Requested size: 123.84283pt x 138.90501pt.
<figures/exp84488/improvement.pdf, id=27, 488.40099pt x 509.47514pt>
File: figures/exp84488/improvement.pdf Graphic file (type pdf)
<use figures/exp84488/improvement.pdf>
Package pdftex.def Info: figures/exp84488/improvement.pdf  used on input line 2
12.
(pdftex.def)             Requested size: 123.84283pt x 129.1798pt.
 [4 <./figures/datastructure/datastructure.pdf>])
(./tex/implementation.tex [5 <./figures/exp84481/hash_table_utilization.pdf> <.
/figures/exp84489/pipelined_tables_utilization_ratio_10.pdf

pdfTeX warning: /Library/TeX/texbin/pdflatex (file ./figures/exp84489/pipelined
_tables_utilization_ratio_10.pdf): PDF inclusion: multiple pdfs with page group
 included in a single page
> <./figures/exp84489/pipelined_tables_utilization_ratio_20.pdf

pdfTeX warning: /Library/TeX/texbin/pdflatex (file ./figures/exp84489/pipelined
_tables_utilization_ratio_20.pdf): PDF inclusion: multiple pdfs with page group
 included in a single page
> <./figures/exp84488/improvement.pdf

pdfTeX warning: /Library/TeX/texbin/pdflatex (file ./figures/exp84488/improveme
nt.pdf): PDF inclusion: multiple pdfs with page group included in a single page

>]) (./tex/evaluation.tex
Underfull \hbox (badness 1881) in paragraph at lines 5--11
[]\T1/ptm/m/n/10 We have im-ple-mented Hash-Flow, as well as sev-eral
 []

<figures/exp84478/flow_size_distribution.pdf, id=244, 448.43787pt x 357.74905pt
>
File: figures/exp84478/flow_size_distribution.pdf Graphic file (type pdf)
<use figures/exp84478/flow_size_distribution.pdf>
Package pdftex.def Info: figures/exp84478/flow_size_distribution.pdf  used on i
nput line 46.
(pdftex.def)             Requested size: 112.84712pt x 90.02658pt.
<figures/exp84479/are_with_depth.pdf, id=245, 487.83818pt x 364.14796pt>
File: figures/exp84479/are_with_depth.pdf Graphic file (type pdf)
<use figures/exp84479/are_with_depth.pdf>
Package pdftex.def Info: figures/exp84479/are_with_depth.pdf  used on input lin
e 52.
(pdftex.def)             Requested size: 112.84712pt x 84.23012pt.
[6 <./figures/exp84478/flow_size_distribution.pdf> <./figures/exp84479/are_with
_depth.pdf

pdfTeX warning: /Library/TeX/texbin/pdflatex (file ./figures/exp84479/are_with_
depth.pdf): PDF inclusion: multiple pdfs with page group included in a single p
age
>]
<figures/exp84454/flow_monitoring_fsc.pdf, id=318, 476.19914pt x 346.61946pt>
File: figures/exp84454/flow_monitoring_fsc.pdf Graphic file (type pdf)
<use figures/exp84454/flow_monitoring_fsc.pdf>
Package pdftex.def Info: figures/exp84454/flow_monitoring_fsc.pdf  used on inpu
t line 168.
(pdftex.def)             Requested size: 112.84712pt x 82.13785pt.
<figures/exp84454/flow_size_estimation_are.pdf, id=319, 476.19914pt x 353.01837
pt>
File: figures/exp84454/flow_size_estimation_are.pdf Graphic file (type pdf)
<use figures/exp84454/flow_size_estimation_are.pdf>
Package pdftex.def Info: figures/exp84454/flow_size_estimation_are.pdf  used on
 input line 168.
(pdftex.def)             Requested size: 112.84712pt x 83.65419pt.
<figures/exp84493/caida_heavy_hitter_detection_f1_score.png, id=320, 463.9734pt
 x 434.3427pt>
File: figures/exp84493/caida_heavy_hitter_detection_f1_score.png Graphic file (
type png)
<use figures/exp84493/caida_heavy_hitter_detection_f1_score.png>
Package pdftex.def Info: figures/exp84493/caida_heavy_hitter_detection_f1_score
.png  used on input line 180.
(pdftex.def)             Requested size: 112.84712pt x 105.63615pt.
<figures/exp84493/caida_heavy_hitter_detection_are.png, id=322, 463.9734pt x 43
4.3427pt>
File: figures/exp84493/caida_heavy_hitter_detection_are.png Graphic file (type 
png)
<use figures/exp84493/caida_heavy_hitter_detection_are.png>
Package pdftex.def Info: figures/exp84493/caida_heavy_hitter_detection_are.png 
 used on input line 180.
(pdftex.def)             Requested size: 112.84712pt x 105.63615pt.

Underfull \vbox (badness 1571) has occurred while \output is active []

 [7 <./figures/exp84454/flow_monitoring_fsc.pdf> <./figures/exp84454/flow_size_
estimation_are.pdf

pdfTeX warning: /Library/TeX/texbin/pdflatex (file ./figures/exp84454/flow_size
_estimation_are.pdf): PDF inclusion: multiple pdfs with page group included in 
a single page
> <./figures/exp84493/caida_heavy_hitter_detection_f1_score.png> <./figures/exp
84493/caida_heavy_hitter_detection_are.png>]
<figures/exp84485/caida_flow_monitoring_fsc.pdf, id=419, 484.50362pt x 432.8764
6pt>
File: figures/exp84485/caida_flow_monitoring_fsc.pdf Graphic file (type pdf)
<use figures/exp84485/caida_flow_monitoring_fsc.pdf>
Package pdftex.def Info: figures/exp84485/caida_flow_monitoring_fsc.pdf  used o
n input line 211.
(pdftex.def)             Requested size: 123.84283pt x 110.64294pt.
<figures/exp84485/tsinghua_flow_monitoring_fsc.pdf, id=420, 484.50362pt x 432.8
7646pt>
File: figures/exp84485/tsinghua_flow_monitoring_fsc.pdf Graphic file (type pdf)

<use figures/exp84485/tsinghua_flow_monitoring_fsc.pdf>
Package pdftex.def Info: figures/exp84485/tsinghua_flow_monitoring_fsc.pdf  use
d on input line 211.
(pdftex.def)             Requested size: 123.84283pt x 110.64294pt.
<figures/exp84485/hgc_flow_monitoring_fsc.pdf, id=421, 484.50362pt x 432.87646p
t>
File: figures/exp84485/hgc_flow_monitoring_fsc.pdf Graphic file (type pdf)
<use figures/exp84485/hgc_flow_monitoring_fsc.pdf>
Package pdftex.def Info: figures/exp84485/hgc_flow_monitoring_fsc.pdf  used on 
input line 211.
(pdftex.def)             Requested size: 123.84283pt x 110.64294pt.
<figures/exp84485/telecom_flow_monitoring_fsc.pdf, id=422, 484.50362pt x 432.87
646pt>
File: figures/exp84485/telecom_flow_monitoring_fsc.pdf Graphic file (type pdf)
<use figures/exp84485/telecom_flow_monitoring_fsc.pdf>
Package pdftex.def Info: figures/exp84485/telecom_flow_monitoring_fsc.pdf  used
 on input line 211.
(pdftex.def)             Requested size: 123.84283pt x 110.64294pt.
<figures/exp84485/caida_cardinality_re.pdf, id=423, 484.50362pt x 432.87646pt>
File: figures/exp84485/caida_cardinality_re.pdf Graphic file (type pdf)
<use figures/exp84485/caida_cardinality_re.pdf>
Package pdftex.def Info: figures/exp84485/caida_cardinality_re.pdf  used on inp
ut line 233.
(pdftex.def)             Requested size: 123.84283pt x 110.64294pt.
<figures/exp84485/tsinghua_cardinality_re.pdf, id=424, 484.50362pt x 432.87646p
t>
File: figures/exp84485/tsinghua_cardinality_re.pdf Graphic file (type pdf)
<use figures/exp84485/tsinghua_cardinality_re.pdf>
Package pdftex.def Info: figures/exp84485/tsinghua_cardinality_re.pdf  used on 
input line 233.
(pdftex.def)             Requested size: 123.84283pt x 110.64294pt.
<figures/exp84485/hgc_cardinality_re.pdf, id=425, 484.50362pt x 432.87646pt>
File: figures/exp84485/hgc_cardinality_re.pdf Graphic file (type pdf)
<use figures/exp84485/hgc_cardinality_re.pdf>
Package pdftex.def Info: figures/exp84485/hgc_cardinality_re.pdf  used on input
 line 233.
(pdftex.def)             Requested size: 123.84283pt x 110.64294pt.
<figures/exp84485/telecom_cardinality_re.pdf, id=426, 484.50362pt x 432.87646pt
>
File: figures/exp84485/telecom_cardinality_re.pdf Graphic file (type pdf)
<use figures/exp84485/telecom_cardinality_re.pdf>
Package pdftex.def Info: figures/exp84485/telecom_cardinality_re.pdf  used on i
nput line 233.
(pdftex.def)             Requested size: 123.84283pt x 110.64294pt.
<figures/exp84485/caida_flow_size_estimation_are.pdf, id=427, 484.50362pt x 432
.87646pt>
File: figures/exp84485/caida_flow_size_estimation_are.pdf Graphic file (type pd
f)
<use figures/exp84485/caida_flow_size_estimation_are.pdf>
Package pdftex.def Info: figures/exp84485/caida_flow_size_estimation_are.pdf  u
sed on input line 253.
(pdftex.def)             Requested size: 123.84283pt x 110.64294pt.
<figures/exp84485/tsinghua_flow_size_estimation_are.pdf, id=428, 484.50362pt x 
432.87646pt>
File: figures/exp84485/tsinghua_flow_size_estimation_are.pdf Graphic file (type
 pdf)
<use figures/exp84485/tsinghua_flow_size_estimation_are.pdf>
Package pdftex.def Info: figures/exp84485/tsinghua_flow_size_estimation_are.pdf
  used on input line 253.
(pdftex.def)             Requested size: 123.84283pt x 110.64294pt.
<figures/exp84485/hgc_flow_size_estimation_are.pdf, id=429, 484.50362pt x 432.8
7646pt>
File: figures/exp84485/hgc_flow_size_estimation_are.pdf Graphic file (type pdf)

<use figures/exp84485/hgc_flow_size_estimation_are.pdf>
Package pdftex.def Info: figures/exp84485/hgc_flow_size_estimation_are.pdf  use
d on input line 253.
(pdftex.def)             Requested size: 123.84283pt x 110.64294pt.
<figures/exp84485/telecom_flow_size_estimation_are.pdf, id=430, 484.50362pt x 4
32.87646pt>
File: figures/exp84485/telecom_flow_size_estimation_are.pdf Graphic file (type 
pdf)
<use figures/exp84485/telecom_flow_size_estimation_are.pdf>
Package pdftex.def Info: figures/exp84485/telecom_flow_size_estimation_are.pdf 
 used on input line 253.
(pdftex.def)             Requested size: 123.84283pt x 110.64294pt.
<figures/exp84486/caida_250K_f1_score.pdf, id=431, 470.84155pt x 432.87646pt>
File: figures/exp84486/caida_250K_f1_score.pdf Graphic file (type pdf)
<use figures/exp84486/caida_250K_f1_score.pdf>
Package pdftex.def Info: figures/exp84486/caida_250K_f1_score.pdf  used on inpu
t line 280.
(pdftex.def)             Requested size: 123.84283pt x 113.85304pt.
<figures/exp84486/tsinghua_250K_f1_score.pdf, id=432, 470.84155pt x 432.87646pt
>
File: figures/exp84486/tsinghua_250K_f1_score.pdf Graphic file (type pdf)
<use figures/exp84486/tsinghua_250K_f1_score.pdf>
Package pdftex.def Info: figures/exp84486/tsinghua_250K_f1_score.pdf  used on i
nput line 280.
(pdftex.def)             Requested size: 123.84283pt x 113.85304pt.
<figures/exp84486/hgc_250K_f1_score.pdf, id=433, 454.23262pt x 432.87646pt>
File: figures/exp84486/hgc_250K_f1_score.pdf Graphic file (type pdf)
<use figures/exp84486/hgc_250K_f1_score.pdf>
Package pdftex.def Info: figures/exp84486/hgc_250K_f1_score.pdf  used on input 
line 280.
(pdftex.def)             Requested size: 123.84283pt x 118.02089pt.
<figures/exp84486/telecom_250K_f1_score.pdf, id=434, 454.23262pt x 432.87646pt>

File: figures/exp84486/telecom_250K_f1_score.pdf Graphic file (type pdf)
<use figures/exp84486/telecom_250K_f1_score.pdf>
Package pdftex.def Info: figures/exp84486/telecom_250K_f1_score.pdf  used on in
put line 280.
(pdftex.def)             Requested size: 123.84283pt x 118.02089pt.
<figures/exp84486/caida_250K_re.pdf, id=435, 454.23262pt x 432.87646pt>
File: figures/exp84486/caida_250K_re.pdf Graphic file (type pdf)
<use figures/exp84486/caida_250K_re.pdf>
Package pdftex.def Info: figures/exp84486/caida_250K_re.pdf  used on input line
 293.
(pdftex.def)             Requested size: 123.84283pt x 118.02089pt.
<figures/exp84486/tsinghua_250K_re.pdf, id=436, 454.23262pt x 432.87646pt>
File: figures/exp84486/tsinghua_250K_re.pdf Graphic file (type pdf)
<use figures/exp84486/tsinghua_250K_re.pdf>
Package pdftex.def Info: figures/exp84486/tsinghua_250K_re.pdf  used on input l
ine 293.
(pdftex.def)             Requested size: 123.84283pt x 118.02089pt.
<figures/exp84486/hgc_250K_re.pdf, id=437, 454.23262pt x 432.87646pt>
File: figures/exp84486/hgc_250K_re.pdf Graphic file (type pdf)
<use figures/exp84486/hgc_250K_re.pdf>
Package pdftex.def Info: figures/exp84486/hgc_250K_re.pdf  used on input line 2
93.
(pdftex.def)             Requested size: 123.84283pt x 118.02089pt.
<figures/exp84486/telecom_250K_re.pdf, id=438, 454.23262pt x 432.87646pt>
File: figures/exp84486/telecom_250K_re.pdf Graphic file (type pdf)
<use figures/exp84486/telecom_250K_re.pdf>
Package pdftex.def Info: figures/exp84486/telecom_250K_re.pdf  used on input li
ne 293.
(pdftex.def)             Requested size: 123.84283pt x 118.02089pt.
<figures/exp84484/throughput.pdf, id=439, 462.93263pt x 444.22864pt>
File: figures/exp84484/throughput.pdf Graphic file (type pdf)
<use figures/exp84484/throughput.pdf>
Package pdftex.def Info: figures/exp84484/throughput.pdf  used on input line 30
7.
(pdftex.def)             Requested size: 123.84283pt x 118.83846pt.
<figures/exp84490/ave_hash.pdf, id=440, 462.93263pt x 444.22864pt>
File: figures/exp84490/ave_hash.pdf Graphic file (type pdf)
<use figures/exp84490/ave_hash.pdf>
Package pdftex.def Info: figures/exp84490/ave_hash.pdf  used on input line 307.

(pdftex.def)             Requested size: 123.84283pt x 118.83846pt.
<figures/exp84490/ave_mem.pdf, id=441, 479.54156pt x 444.22864pt>
File: figures/exp84490/ave_mem.pdf Graphic file (type pdf)
<use figures/exp84490/ave_mem.pdf>
Package pdftex.def Info: figures/exp84490/ave_mem.pdf  used on input line 307.
(pdftex.def)             Requested size: 123.84283pt x 114.7172pt.
<figures/exp84491/increase_in_processing.png, id=442, 484.209pt x 440.1243pt>
File: figures/exp84491/increase_in_processing.png Graphic file (type png)
<use figures/exp84491/increase_in_processing.png>
Package pdftex.def Info: figures/exp84491/increase_in_processing.png  used on i
nput line 307.
(pdftex.def)             Requested size: 123.84283pt x 112.56264pt.
) (./tex/conclusion.tex)
(./tex/acknowledgement.tex) (./ms.bbl
** WARNING: IEEEtran.bst: No hyphenation pattern has been
** loaded for the language `en'. Using the pattern for
** the default language instead.
[8]
Underfull \vbox (badness 10000) has occurred while \output is active []

 [9 <./figures/exp84485/caida_flow_monitoring_fsc.pdf> <./figures/exp84485/tsin
ghua_flow_monitoring_fsc.pdf

pdfTeX warning: /Library/TeX/texbin/pdflatex (file ./figures/exp84485/tsinghua_
flow_monitoring_fsc.pdf): PDF inclusion: multiple pdfs with page group included
 in a single page
> <./figures/exp84485/hgc_flow_monitoring_fsc.pdf

pdfTeX warning: /Library/TeX/texbin/pdflatex (file ./figures/exp84485/hgc_flow_
monitoring_fsc.pdf): PDF inclusion: multiple pdfs with page group included in a
 single page
> <./figures/exp84485/telecom_flow_monitoring_fsc.pdf

pdfTeX warning: /Library/TeX/texbin/pdflatex (file ./figures/exp84485/telecom_f
low_monitoring_fsc.pdf): PDF inclusion: multiple pdfs with page group included 
in a single page
> <./figures/exp84485/caida_cardinality_re.pdf

pdfTeX warning: /Library/TeX/texbin/pdflatex (file ./figures/exp84485/caida_car
dinality_re.pdf): PDF inclusion: multiple pdfs with page group included in a si
ngle page
> <./figures/exp84485/tsinghua_cardinality_re.pdf

pdfTeX warning: /Library/TeX/texbin/pdflatex (file ./figures/exp84485/tsinghua_
cardinality_re.pdf): PDF inclusion: multiple pdfs with page group included in a
 single page
> <./figures/exp84485/hgc_cardinality_re.pdf

pdfTeX warning: /Library/TeX/texbin/pdflatex (file ./figures/exp84485/hgc_cardi
nality_re.pdf): PDF inclusion: multiple pdfs with page group included in a sing
le page
> <./figures/exp84485/telecom_cardinality_re.pdf

pdfTeX warning: /Library/TeX/texbin/pdflatex (file ./figures/exp84485/telecom_c
ardinality_re.pdf): PDF inclusion: multiple pdfs with page group included in a 
single page
> <./figures/exp84485/caida_flow_size_estimation_are.pdf

pdfTeX warning: /Library/TeX/texbin/pdflatex (file ./figures/exp84485/caida_flo
w_size_estimation_are.pdf): PDF inclusion: multiple pdfs with page group includ
ed in a single page
> <./figures/exp84485/tsinghua_flow_size_estimation_are.pdf

pdfTeX warning: /Library/TeX/texbin/pdflatex (file ./figures/exp84485/tsinghua_
flow_size_estimation_are.pdf): PDF inclusion: multiple pdfs with page group inc
luded in a single page
> <./figures/exp84485/hgc_flow_size_estimation_are.pdf

pdfTeX warning: /Library/TeX/texbin/pdflatex (file ./figures/exp84485/hgc_flow_
size_estimation_are.pdf): PDF inclusion: multiple pdfs with page group included
 in a single page
> <./figures/exp84485/telecom_flow_size_estimation_are.pdf

pdfTeX warning: /Library/TeX/texbin/pdflatex (file ./figures/exp84485/telecom_f
low_size_estimation_are.pdf): PDF inclusion: multiple pdfs with page group incl
uded in a single page
> <./figures/exp84486/caida_250K_f1_score.pdf

pdfTeX warning: /Library/TeX/texbin/pdflatex (file ./figures/exp84486/caida_250
K_f1_score.pdf): PDF inclusion: multiple pdfs with page group included in a sin
gle page
> <./figures/exp84486/tsinghua_250K_f1_score.pdf

pdfTeX warning: /Library/TeX/texbin/pdflatex (file ./figures/exp84486/tsinghua_
250K_f1_score.pdf): PDF inclusion: multiple pdfs with page group included in a 
single page
> <./figures/exp84486/hgc_250K_f1_score.pdf

pdfTeX warning: /Library/TeX/texbin/pdflatex (file ./figures/exp84486/hgc_250K_
f1_score.pdf): PDF inclusion: multiple pdfs with page group included in a singl
e page
> <./figures/exp84486/telecom_250K_f1_score.pdf

pdfTeX warning: /Library/TeX/texbin/pdflatex (file ./figures/exp84486/telecom_2
50K_f1_score.pdf): PDF inclusion: multiple pdfs with page group included in a s
ingle page
>]
** WARNING: IEEEtran.bst: No hyphenation pattern has been
** loaded for the language `en'. Using the pattern for
** the default language instead.

Underfull \hbox (badness 1502) in paragraph at lines 91--94
[]\T1/ptm/m/n/8 S. Muthukr-ish-nan, ``Data Streams: Al-go-rithms and Ap-pli-ca-
tions,''
 []

** WARNING: IEEEtran.bst: No hyphenation pattern has been
** loaded for the language `en'. Using the pattern for
** the default language instead.
** WARNING: IEEEtran.bst: No hyphenation pattern has been
** loaded for the language `en'. Using the pattern for
** the default language instead.
** WARNING: IEEEtran.bst: No hyphenation pattern has been
** loaded for the language `en'. Using the pattern for
** the default language instead.
)

** Conference Paper **
Before submitting the final camera ready copy, remember to:

 1. Manually equalize the lengths of two columns on the last page
 of your paper;

 2. Ensure that any PostScript and/or PDF output post-processing
 uses only Type 1 fonts and that every step in the generation
 process uses the appropriate paper size.

[10 <./figures/exp84486/caida_250K_re.pdf> <./figures/exp84486/tsinghua_250K_re
.pdf

pdfTeX warning: /Library/TeX/texbin/pdflatex (file ./figures/exp84486/tsinghua_
250K_re.pdf): PDF inclusion: multiple pdfs with page group included in a single
 page
> <./figures/exp84486/hgc_250K_re.pdf

pdfTeX warning: /Library/TeX/texbin/pdflatex (file ./figures/exp84486/hgc_250K_
re.pdf): PDF inclusion: multiple pdfs with page group included in a single page

> <./figures/exp84486/telecom_250K_re.pdf

pdfTeX warning: /Library/TeX/texbin/pdflatex (file ./figures/exp84486/telecom_2
50K_re.pdf): PDF inclusion: multiple pdfs with page group included in a single 
page
> <./figures/exp84484/throughput.pdf

pdfTeX warning: /Library/TeX/texbin/pdflatex (file ./figures/exp84484/throughpu
t.pdf): PDF inclusion: multiple pdfs with page group included in a single page
> <./figures/exp84490/ave_hash.pdf

pdfTeX warning: /Library/TeX/texbin/pdflatex (file ./figures/exp84490/ave_hash.
pdf): PDF inclusion: multiple pdfs with page group included in a single page
> <./figures/exp84490/ave_mem.pdf

pdfTeX warning: /Library/TeX/texbin/pdflatex (file ./figures/exp84490/ave_mem.p
df): PDF inclusion: multiple pdfs with page group included in a single page
> <./figures/exp84491/increase_in_processing.png>] (./ms.aux) ) 
Here is how much of TeX's memory you used:
 4587 strings out of 492616
 74797 string characters out of 6129482
 145771 words of memory out of 5000000
 8350 multiletter control sequences out of 15000+600000
 119789 words of font info for 129 fonts, out of 8000000 for 9000
 1141 hyphenation exceptions out of 8191
 41i,13n,26p,1547b,327s stack positions out of 5000i,500n,10000p,200000b,80000s
{/usr/local/texl
ive/2019/texmf-dist/fonts/enc/dvips/base/8r.enc}</usr/local/texlive/2019/texmf-
dist/fonts/type1/public/amsfonts/cm/cmbx10.pfb></usr/local/texlive/2019/texmf-d
ist/fonts/type1/public/amsfonts/cm/cmex10.pfb></usr/local/texlive/2019/texmf-di
st/fonts/type1/public/amsfonts/cm/cmmi10.pfb></usr/local/texlive/2019/texmf-dis
t/fonts/type1/public/amsfonts/cm/cmmi5.pfb></usr/local/texlive/2019/texmf-dist/
fonts/type1/public/amsfonts/cm/cmmi7.pfb></usr/local/texlive/2019/texmf-dist/fo
nts/type1/public/amsfonts/cm/cmr10.pfb></usr/local/texlive/2019/texmf-dist/font
s/type1/public/amsfonts/cm/cmr5.pfb></usr/local/texlive/2019/texmf-dist/fonts/t
ype1/public/amsfonts/cm/cmr7.pfb></usr/local/texlive/2019/texmf-dist/fonts/type
1/public/amsfonts/cm/cmsy10.pfb></usr/local/texlive/2019/texmf-dist/fonts/type1
/public/amsfonts/cm/cmsy5.pfb></usr/local/texlive/2019/texmf-dist/fonts/type1/p
ublic/amsfonts/cm/cmsy7.pfb></usr/local/texlive/2019/texmf-dist/fonts/type1/pub
lic/amsfonts/cm/cmsy8.pfb></usr/local/texlive/2019/texmf-dist/fonts/type1/urw/t
imes/utmb8a.pfb></usr/local/texlive/2019/texmf-dist/fonts/type1/urw/times/utmbi
8a.pfb></usr/local/texlive/2019/texmf-dist/fonts/type1/urw/times/utmr8a.pfb></u
sr/local/texlive/2019/texmf-dist/fonts/type1/urw/times/utmri8a.pfb>
Output written on ms.pdf (10 pages, 813836 bytes).
PDF statistics:
 1290 PDF objects out of 1440 (max. 8388607)
 264 compressed objects within 3 object streams
 0 named destinations out of 1000 (max. 500000)
 176 words of extra memory for PDF output out of 10000 (max. 10000000)

