\BOOKMARK [1][-]{section.1}{\376\377\127\372\147\054\133\232\116\111}{}% 1
\BOOKMARK [2][-]{subsection.1.1}{\376\377\000H\000a\000s\000h\000F\000l\000o\000w}{section.1}% 2
\BOOKMARK [2][-]{subsection.1.2}{\376\377\000D\000H\000a\000s\000h\000F\000l\000o\000w\000\040\000\050\000H\000a\000s\000h\000F\000l\000o\000w\000\040\000w\000i\000t\000h\000\040\000D\000i\000g\000e\000s\000t\000\051}{section.1}% 3
\BOOKMARK [2][-]{subsection.1.3}{\376\377\000C\000H\000a\000s\000h\000F\000l\000o\000w\000\040\000\050\000H\000a\000s\000h\000F\000l\000o\000w\000\040\000w\000i\000t\000h\000\040\000C\000o\000n\000t\000r\000o\000l\000\040\000P\000l\000a\000n\000e\000\051}{section.1}% 4
\BOOKMARK [2][-]{subsection.1.4}{\376\377\000A\000H\000a\000s\000h\000F\000l\000o\000w\000\040\000\050\000A\000u\000g\000m\000e\000n\000t\000e\000d\000\040\000H\000a\000s\000h\000F\000l\000o\000w\000\051}{section.1}% 5
\BOOKMARK [1][-]{section.2}{\376\377\155\113\221\317\143\007\150\007}{}% 6
\BOOKMARK [2][-]{subsection.2.1}{\376\377\123\005\211\206\166\326\163\207\000\040\000\050\000P\000C\000R\000,\000\040\000P\000a\000c\000k\000e\000t\000\040\000C\000o\000v\000e\000r\000i\000n\000g\000\040\000R\000a\000t\000e\000\051}{section.2}% 7
\BOOKMARK [2][-]{subsection.2.2}{\376\377\145\160\143\156\123\005\166\204\116\015\155\113\221\317\163\207\000\040\000\050\000N\000M\000R\000,\000\040\000N\000o\000\040\000M\000e\000a\000s\000u\000r\000e\000m\000e\000n\000t\000\040\000R\000a\000t\000e\000\051}{section.2}% 8
\BOOKMARK [2][-]{subsection.2.3}{\376\377\000\040\155\101\211\206\166\326\163\207\377\010\000F\000S\000C\000,\000\040\000F\000l\000o\000w\000\040\000S\000e\000t\000\040\000C\000o\000v\000e\000r\000i\000n\000g\377\011}{section.2}% 9
\BOOKMARK [2][-]{subsection.2.4}{\376\377\000\040\155\101\145\160\166\356\117\060\213\241\166\370\133\371\213\357\135\356\377\010\000R\000E\000,\000\040\000R\000e\000l\000a\000t\000i\000v\000e\000\040\000E\000r\000r\000o\000r\377\011}{section.2}% 10
\BOOKMARK [2][-]{subsection.2.5}{\376\377\000\040\145\160\143\156\155\101\131\047\134\017\117\060\213\241\166\204\136\163\127\107\166\370\133\371\213\357\135\356\377\010\000A\000R\000E\000,\000\040\000A\000v\000e\000r\000a\000g\000e\000\040\000R\000e\000l\000a\000t\000i\000v\000e\000\040\000E\000r\000r\000o\000r\377\011}{section.2}% 11
\BOOKMARK [2][-]{subsection.2.6}{\376\377\210\253\155\113\145\160\143\156\155\101\131\047\134\017\117\060\213\241\166\204\136\163\127\107\166\370\133\371\213\357\135\356\000\040\000\050\000A\000R\000E\000,\000\040\000A\000v\000e\000r\000a\000g\000e\000\040\000R\000e\000l\000a\000t\000i\000v\000e\000\040\000E\000r\000r\000o\000r\000\051}{section.2}% 12
\BOOKMARK [2][-]{subsection.2.7}{\376\377\000\040\000h\000e\000a\000v\000y\000\040\000h\000i\000t\000t\000e\000r\150\300\155\113\166\204\000F\0001\000\040\000S\000c\000o\000r\000e}{section.2}% 13
\BOOKMARK [2][-]{subsection.2.8}{\376\377\000\040\000h\000e\000a\000v\000y\000\040\000h\000i\000t\000t\000e\000r\150\300\155\113\166\204\136\163\127\107\166\370\133\371\213\357\135\356\377\010\000A\000R\000E\000,\000\040\000A\000v\000e\000r\000a\000g\000e\000\040\000R\000e\000l\000a\000t\000i\000v\000e\000\040\000E\000r\000r\000o\000r\377\011}{section.2}% 14
\BOOKMARK [2][-]{subsection.2.9}{\376\377\000\040\143\247\122\066\136\163\227\142\166\204\123\005\215\037\203\167\153\324\000\040\000\050\000P\000L\000R\000,\000\040\000P\000a\000c\000k\000e\000t\000\040\000L\000o\000a\000d\000\040\000R\000a\000t\000e\000\051}{section.2}% 15
\BOOKMARK [2][-]{subsection.2.10}{\376\377\143\247\122\066\136\163\227\142\166\204\155\101\215\037\203\167\153\324\000\040\000\050\000P\000L\000R\000,\000\040\000F\000l\000o\000w\000\040\000L\000o\000a\000d\000\040\000R\000a\000t\000e\000\051}{section.2}% 16
\BOOKMARK [2][-]{subsection.2.11}{\376\377\145\160\143\156\155\101\166\204\000x\000-\122\006\136\003\174\373\145\160\000\040\000\050\000x\000\040\000D\000i\000s\000t\000r\000i\000b\000u\000t\000i\000o\000n\000\040\000C\000o\000e\000f\000f\000i\000c\000i\000e\000n\000t\000\051}{section.2}% 17
\BOOKMARK [1][-]{section.3}{\376\377\133\236\232\214\213\276\213\241}{}% 18
\BOOKMARK [2][-]{subsection.3.1}{\376\377\000E\000x\000p\0008\0004\0004\0009\0001\000\040\000"\0001\0002\0007\0000}{section.3}% 19
\BOOKMARK [2][-]{subsection.3.2}{\376\377\000E\000x\000p\0008\0004\0004\0009\0002\000\040\000"\0001\0002\0007\0000}{section.3}% 20
\BOOKMARK [2][-]{subsection.3.3}{\376\377\000E\000x\000p\0008\0004\0004\0009\0003\000\040\000"\0001\0002\0007\0000}{section.3}% 21
\BOOKMARK [2][-]{subsection.3.4}{\376\377\000E\000x\000p\0008\0004\0004\0009\0004\000\040\000"\0001\0002\0007\0000}{section.3}% 22
\BOOKMARK [2][-]{subsection.3.5}{\376\377\000E\000x\000p\0008\0004\0004\0009\0005}{section.3}% 23
\BOOKMARK [2][-]{subsection.3.6}{\376\377\000E\000x\000p\0008\0004\0004\0009\0006}{section.3}% 24
\BOOKMARK [2][-]{subsection.3.7}{\376\377\000E\000x\000p\0008\0004\0004\0009\0007}{section.3}% 25
\BOOKMARK [2][-]{subsection.3.8}{\376\377\000E\000x\000p\0008\0004\0004\0009\0008}{section.3}% 26
\BOOKMARK [2][-]{subsection.3.9}{\376\377\133\236\232\214\0008\0004\0004\0009\0009}{section.3}% 27
\BOOKMARK [2][-]{subsection.3.10}{\376\377\000E\000x\000p\0008\0004\0005\0000\0000}{section.3}% 28
\BOOKMARK [2][-]{subsection.3.11}{\376\377\000E\000x\000p\0008\0004\0005\0000\0001}{section.3}% 29
\BOOKMARK [1][-]{appendix.A}{\376\377\000A\000H\000a\000s\000h\000F\000l\000o\000w\145\271\150\110\116\313\176\315}{}% 30
