This is XeTeX, Version 3.14159265-2.6-0.999991 (TeX Live 2019) (preloaded format=xelatex 2019.5.8)  14 NOV 2019 21:03
entering extended mode
 restricted \write18 enabled.
 %&-line parsing enabled.
**ms.tex
(./ms.tex
LaTeX2e <2018-12-01>
(/usr/local/texlive/2019/texmf-dist/tex/latex/IEEEtran/IEEEtran.cls
Document Class: IEEEtran 2015/08/26 V1.8b by Michael Shell
-- See the "IEEEtran_HOWTO" manual for usage information.
-- http://www.michaelshell.org/tex/ieeetran/
\@IEEEtrantmpdimenA=\dimen102
\@IEEEtrantmpdimenB=\dimen103
\@IEEEtrantmpdimenC=\dimen104
\@IEEEtrantmpcountA=\count80
\@IEEEtrantmpcountB=\count81
\@IEEEtrantmpcountC=\count82
\@IEEEtrantmptoksA=\toks14
LaTeX Font Info:    Try loading font information for TU+ptm on input line 503.
LaTeX Font Info:    No file TUptm.fd. on input line 503.

LaTeX Font Warning: Font shape `TU/ptm/m/n' undefined
(Font)              using `TU/lmr/m/n' instead on input line 503.

-- Using 8.5in x 11in (letter) paper.
-- Using DVI output.
\@IEEEnormalsizeunitybaselineskip=\dimen105
-- This is a 10 point document.
\CLASSINFOnormalsizebaselineskip=\dimen106
\CLASSINFOnormalsizeunitybaselineskip=\dimen107
\IEEEnormaljot=\dimen108

LaTeX Font Warning: Font shape `TU/ptm/bx/n' undefined
(Font)              using `TU/ptm/m/n' instead on input line 1090.


LaTeX Font Warning: Font shape `TU/ptm/m/it' undefined
(Font)              using `TU/ptm/m/n' instead on input line 1090.


LaTeX Font Warning: Font shape `TU/ptm/bx/it' undefined
(Font)              using `TU/ptm/bx/n' instead on input line 1090.

\IEEEquantizedlength=\dimen109
\IEEEquantizedlengthdiff=\dimen110
\IEEEquantizedtextheightdiff=\dimen111
\IEEEilabelindentA=\dimen112
\IEEEilabelindentB=\dimen113
\IEEEilabelindent=\dimen114
\IEEEelabelindent=\dimen115
\IEEEdlabelindent=\dimen116
\IEEElabelindent=\dimen117
\IEEEiednormlabelsep=\dimen118
\IEEEiedmathlabelsep=\dimen119
\IEEEiedtopsep=\skip41
\c@section=\count83
\c@subsection=\count84
\c@subsubsection=\count85
\c@paragraph=\count86
\c@IEEEsubequation=\count87
\abovecaptionskip=\skip42
\belowcaptionskip=\skip43
\c@figure=\count88
\c@table=\count89
\@IEEEeqnnumcols=\count90
\@IEEEeqncolcnt=\count91
\@IEEEsubeqnnumrollback=\count92
\@IEEEquantizeheightA=\dimen120
\@IEEEquantizeheightB=\dimen121
\@IEEEquantizeheightC=\dimen122
\@IEEEquantizeprevdepth=\dimen123
\@IEEEquantizemultiple=\count93
\@IEEEquantizeboxA=\box27
\@IEEEtmpitemindent=\dimen124
\IEEEPARstartletwidth=\dimen125
\c@IEEEbiography=\count94
\@IEEEtranrubishbin=\box28
) (/usr/local/texlive/2019/texmf-dist/tex/latex/comment/comment.sty
\CommentStream=\write3

Excluding comment 'comment')
(/usr/local/texlive/2019/texmf-dist/tex/latex/base/inputenc.sty
Package: inputenc 2018/08/11 v1.3c Input encoding file
\inpenc@prehook=\toks15
\inpenc@posthook=\toks16


! Package inputenc Error: inputenc is not designed for xetex or luatex.
(inputenc)                only UTF-8 supported.

See the inputenc package documentation for explanation.
Type  H <return>  for immediate help.
 ...                                              
                                                  
l.165 \endinput
               
For xelatex or lualatex save the document in UTF-8 encoding
and do not use inputenc, or use the [utf8] option.

) (/usr/local/texlive/2019/texmf-dist/tex/latex/base/fontenc.sty
Package: fontenc 2018/08/11 v2.0j Standard LaTeX package

(/usr/local/texlive/2019/texmf-dist/tex/latex/base/t1enc.def
File: t1enc.def 2018/08/11 v2.0j Standard LaTeX file
LaTeX Font Info:    Redeclaring font encoding T1 on input line 48.
)
LaTeX Font Info:    Try loading font information for T1+ptm on input line 105.

(/usr/local/texlive/2019/texmf-dist/tex/latex/psnfss/t1ptm.fd
File: t1ptm.fd 2001/06/04 font definitions for T1/ptm.
))
\c@theorem=\count95

(/usr/local/texlive/2019/texmf-dist/tex/latex/graphics/graphicx.sty
Package: graphicx 2017/06/01 v1.1a Enhanced LaTeX Graphics (DPC,SPQR)

(/usr/local/texlive/2019/texmf-dist/tex/latex/graphics/keyval.sty
Package: keyval 2014/10/28 v1.15 key=value parser (DPC)
\KV@toks@=\toks17
)
(/usr/local/texlive/2019/texmf-dist/tex/latex/graphics/graphics.sty
Package: graphics 2017/06/25 v1.2c Standard LaTeX Graphics (DPC,SPQR)

(/usr/local/texlive/2019/texmf-dist/tex/latex/graphics/trig.sty
Package: trig 2016/01/03 v1.10 sin cos tan (DPC)
)
(/usr/local/texlive/2019/texmf-dist/tex/latex/graphics-cfg/graphics.cfg
File: graphics.cfg 2016/06/04 v1.11 sample graphics configuration
)
Package graphics Info: Driver file: xetex.def on input line 99.

(/usr/local/texlive/2019/texmf-dist/tex/latex/graphics-def/xetex.def
File: xetex.def 2017/06/24 v5.0h Graphics/color driver for xetex
))
\Gin@req@height=\dimen126
\Gin@req@width=\dimen127
)
(/usr/local/texlive/2019/texmf-dist/tex/latex/subfigure/subfigure.sty
Package: subfigure 2002/03/15 v2.1.5 subfigure package
\subfigtopskip=\skip44
\subfigcapskip=\skip45
\subfigcaptopadj=\dimen128
\subfigbottomskip=\skip46
\subfigcapmargin=\dimen129
\subfiglabelskip=\skip47
\c@subfigure=\count96
\c@lofdepth=\count97
\c@subtable=\count98
\c@lotdepth=\count99

****************************************
* Local config file subfigure.cfg used *
****************************************
(/usr/local/texlive/2019/texmf-dist/tex/latex/subfigure/subfigure.cfg)
\subfig@top=\skip48
\subfig@bottom=\skip49
)
(/usr/local/texlive/2019/texmf-dist/tex/latex/algorithms/algorithm.sty
Invalid UTF-8 byte or sequence at line 11 replaced by U+FFFD.
Package: algorithm 2009/08/24 v0.1 Document Style `algorithm' - floating enviro
nment

(/usr/local/texlive/2019/texmf-dist/tex/latex/float/float.sty
Package: float 2001/11/08 v1.3d Float enhancements (AL)
\c@float@type=\count100
\float@exts=\toks18
\float@box=\box29
\@float@everytoks=\toks19
\@floatcapt=\box30
)
(/usr/local/texlive/2019/texmf-dist/tex/latex/base/ifthen.sty
Package: ifthen 2014/09/29 v1.1c Standard LaTeX ifthen package (DPC)
)
\@float@every@algorithm=\toks20
\c@algorithm=\count101
)
(/usr/local/texlive/2019/texmf-dist/tex/latex/algorithmicx/algorithmicx.sty
Package: algorithmicx 2005/04/27 v1.2 Algorithmicx

Document Style algorithmicx 1.2 - a greatly improved `algorithmic' style
\c@ALG@line=\count102
\c@ALG@rem=\count103
\c@ALG@nested=\count104
\ALG@tlm=\skip50
\ALG@thistlm=\skip51
\c@ALG@Lnr=\count105
\c@ALG@blocknr=\count106
\c@ALG@storecount=\count107
\c@ALG@tmpcounter=\count108
\ALG@tmplength=\skip52
) (/usr/local/texlive/2019/texmf-dist/tex/latex/algorithmicx/algpseudocode.sty
Package: algpseudocode 

Document Style - pseudocode environments for use with the `algorithmicx' style
) (/usr/local/texlive/2019/texmf-dist/tex/latex/amsmath/amsmath.sty
Package: amsmath 2018/12/01 v2.17b AMS math features
\@mathmargin=\skip53

For additional information on amsmath, use the `?' option.
(/usr/local/texlive/2019/texmf-dist/tex/latex/amsmath/amstext.sty
Package: amstext 2000/06/29 v2.01 AMS text

(/usr/local/texlive/2019/texmf-dist/tex/latex/amsmath/amsgen.sty
File: amsgen.sty 1999/11/30 v2.0 generic functions
\@emptytoks=\toks21
\ex@=\dimen130
))
(/usr/local/texlive/2019/texmf-dist/tex/latex/amsmath/amsbsy.sty
Package: amsbsy 1999/11/29 v1.2d Bold Symbols
\pmbraise@=\dimen131
)
(/usr/local/texlive/2019/texmf-dist/tex/latex/amsmath/amsopn.sty
Package: amsopn 2016/03/08 v2.02 operator names
)
\inf@bad=\count109
LaTeX Info: Redefining \frac on input line 223.
\uproot@=\count110
\leftroot@=\count111
LaTeX Info: Redefining \overline on input line 385.
\classnum@=\count112
\DOTSCASE@=\count113
LaTeX Info: Redefining \ldots on input line 482.
LaTeX Info: Redefining \dots on input line 485.
LaTeX Info: Redefining \cdots on input line 606.
\Mathstrutbox@=\box31
\strutbox@=\box32
\big@size=\dimen132
LaTeX Font Info:    Redeclaring font encoding OML on input line 729.
LaTeX Font Info:    Redeclaring font encoding OMS on input line 730.
\macc@depth=\count114
\c@MaxMatrixCols=\count115
\dotsspace@=\muskip10
\c@parentequation=\count116
\dspbrk@lvl=\count117
\tag@help=\toks22
\row@=\count118
\column@=\count119
\maxfields@=\count120
\andhelp@=\toks23
\eqnshift@=\dimen133
\alignsep@=\dimen134
\tagshift@=\dimen135
\tagwidth@=\dimen136
\totwidth@=\dimen137
\lineht@=\dimen138
\@envbody=\toks24
\multlinegap=\skip54
\multlinetaggap=\skip55
\mathdisplay@stack=\toks25
LaTeX Info: Redefining \[ on input line 2844.
LaTeX Info: Redefining \] on input line 2845.
)
(/usr/local/texlive/2019/texmf-dist/tex/latex/url/url.sty
\Urlmuskip=\muskip11
Package: url 2013/09/16  ver 3.4  Verb mode for urls, etc.
)
(/usr/local/texlive/2019/texmf-dist/tex/latex/tools/array.sty
Package: array 2018/12/30 v2.4k Tabular extension package (FMi)
\col@sep=\dimen139
\ar@mcellbox=\box33
\extrarowheight=\dimen140
\NC@list=\toks26
\extratabsurround=\skip56
\backup@length=\skip57
\ar@cellbox=\box34
)
(/usr/local/texlive/2019/texmf-dist/tex/latex/multirow/multirow.sty
Package: multirow 2019/01/01 v2.4 Span multiple rows of a table
\multirow@colwidth=\skip58
\multirow@cntb=\count121
\multirow@dima=\skip59
\bigstrutjot=\dimen141
) (./ms.aux)
\openout1 = `ms.aux'.

LaTeX Font Info:    Checking defaults for OML/cmm/m/it on input line 53.
LaTeX Font Info:    ... okay on input line 53.
LaTeX Font Info:    Checking defaults for T1/cmr/m/n on input line 53.
LaTeX Font Info:    ... okay on input line 53.
LaTeX Font Info:    Checking defaults for OT1/cmr/m/n on input line 53.
LaTeX Font Info:    ... okay on input line 53.
LaTeX Font Info:    Checking defaults for OMS/cmsy/m/n on input line 53.
LaTeX Font Info:    ... okay on input line 53.
LaTeX Font Info:    Checking defaults for TU/lmr/m/n on input line 53.
LaTeX Font Info:    ... okay on input line 53.
LaTeX Font Info:    Checking defaults for OMX/cmex/m/n on input line 53.
LaTeX Font Info:    ... okay on input line 53.
LaTeX Font Info:    Checking defaults for U/cmr/m/n on input line 53.
LaTeX Font Info:    ... okay on input line 53.
LaTeX Font Info:    Font shape `T1/ptm/bx/n' in size <5> not available
(Font)              Font shape `T1/ptm/b/n' tried instead on input line 53.
LaTeX Font Info:    Font shape `T1/ptm/bx/it' in size <5> not available
(Font)              Font shape `T1/ptm/b/it' tried instead on input line 53.
LaTeX Font Info:    Font shape `T1/ptm/bx/n' in size <7> not available
(Font)              Font shape `T1/ptm/b/n' tried instead on input line 53.
LaTeX Font Info:    Font shape `T1/ptm/bx/it' in size <7> not available
(Font)              Font shape `T1/ptm/b/it' tried instead on input line 53.
LaTeX Font Info:    Font shape `T1/ptm/bx/n' in size <8> not available
(Font)              Font shape `T1/ptm/b/n' tried instead on input line 53.
LaTeX Font Info:    Font shape `T1/ptm/bx/it' in size <8> not available
(Font)              Font shape `T1/ptm/b/it' tried instead on input line 53.
LaTeX Font Info:    Font shape `T1/ptm/bx/n' in size <9> not available
(Font)              Font shape `T1/ptm/b/n' tried instead on input line 53.
LaTeX Font Info:    Font shape `T1/ptm/bx/it' in size <9> not available
(Font)              Font shape `T1/ptm/b/it' tried instead on input line 53.
LaTeX Font Info:    Font shape `T1/ptm/bx/n' in size <10> not available
(Font)              Font shape `T1/ptm/b/n' tried instead on input line 53.
LaTeX Font Info:    Font shape `T1/ptm/bx/it' in size <10> not available
(Font)              Font shape `T1/ptm/b/it' tried instead on input line 53.
LaTeX Font Info:    Font shape `T1/ptm/bx/n' in size <11> not available
(Font)              Font shape `T1/ptm/b/n' tried instead on input line 53.
LaTeX Font Info:    Font shape `T1/ptm/bx/it' in size <11> not available
(Font)              Font shape `T1/ptm/b/it' tried instead on input line 53.
LaTeX Font Info:    Font shape `T1/ptm/bx/n' in size <12> not available
(Font)              Font shape `T1/ptm/b/n' tried instead on input line 53.
LaTeX Font Info:    Font shape `T1/ptm/bx/it' in size <12> not available
(Font)              Font shape `T1/ptm/b/it' tried instead on input line 53.
LaTeX Font Info:    Font shape `T1/ptm/bx/n' in size <17> not available
(Font)              Font shape `T1/ptm/b/n' tried instead on input line 53.
LaTeX Font Info:    Font shape `T1/ptm/bx/it' in size <17> not available
(Font)              Font shape `T1/ptm/b/it' tried instead on input line 53.
LaTeX Font Info:    Font shape `T1/ptm/bx/n' in size <20> not available
(Font)              Font shape `T1/ptm/b/n' tried instead on input line 53.
LaTeX Font Info:    Font shape `T1/ptm/bx/it' in size <20> not available
(Font)              Font shape `T1/ptm/b/it' tried instead on input line 53.
LaTeX Font Info:    Font shape `T1/ptm/bx/n' in size <24> not available
(Font)              Font shape `T1/ptm/b/n' tried instead on input line 53.
LaTeX Font Info:    Font shape `T1/ptm/bx/it' in size <24> not available
(Font)              Font shape `T1/ptm/b/it' tried instead on input line 53.
-- Lines per column: 56 (exact).
LaTeX Font Info:    Calculating math sizes for size <11> on input line 65.
(./tex/abstract.tex) (./tex/introduction.tex
Underfull \hbox (badness 5592) in paragraph at lines 37--44
\T1/ptm/m/n/10 ing bet-ter statis-tics es-ti-ma-tion, re-cently a few al-go-
 []


Underfull \hbox (badness 2837) in paragraph at lines 37--44
\T1/ptm/m/n/10 rithms that make en-hance-ment to a naive hash ta-ble
 []


Underfull \hbox (badness 4647) in paragraph at lines 37--44
\T1/ptm/m/n/10 and in-te-grate sketches have been pro-posed, in-clud-ing
 []

[1


]
Underfull \hbox (badness 1881) in paragraph at lines 71--84
[]\T1/ptm/m/n/10 We have im-ple-mented Hash-Flow, as well as sev-eral
 []

) (./tex/background_motivation.tex [2]) (./tex/algorithm.tex [3]
File: ./figures/datastructure/datastructure.pdf Graphic file (type pdf)
<use ./figures/datastructure/datastructure.pdf>
 [4]
File: figures/exp84481/hash_table_utilization.pdf Graphic file (type pdf)
<use figures/exp84481/hash_table_utilization.pdf>
File: figures/exp84489/pipelined_tables_utilization_ratio_10.pdf Graphic file (
type pdf)
<use figures/exp84489/pipelined_tables_utilization_ratio_10.pdf>
File: figures/exp84489/pipelined_tables_utilization_ratio_20.pdf Graphic file (
type pdf)
<use figures/exp84489/pipelined_tables_utilization_ratio_20.pdf>
File: figures/exp84488/improvement.pdf Graphic file (type pdf)
<use figures/exp84488/improvement.pdf>
)
(./tex/implementation.tex [5]
Underfull \vbox (badness 10000) has occurred while \output is active []

)
(./tex/ControlPlane.tex [6]) (./tex/evaluation.tex
Underfull \hbox (badness 1881) in paragraph at lines 5--12
[]\T1/ptm/m/n/10 We have im-ple-mented Hash-Flow, as well as sev-eral
 []

File: figures/exp84478/flow_size_distribution.pdf Graphic file (type pdf)
<use figures/exp84478/flow_size_distribution.pdf>
File: figures/exp84479/are_with_depth.pdf Graphic file (type pdf)
<use figures/exp84479/are_with_depth.pdf>
[7]
File: figures/exp84454/flow_monitoring_fsc.pdf Graphic file (type pdf)
<use figures/exp84454/flow_monitoring_fsc.pdf>
File: figures/exp84454/flow_size_estimation_are.pdf Graphic file (type pdf)
<use figures/exp84454/flow_size_estimation_are.pdf>
File: figures/exp84493/caida_heavy_hitter_detection_f1_score.png Graphic file (
type bmp)
<figures/exp84493/caida_heavy_hitter_detection_f1_score.png>
File: figures/exp84493/caida_heavy_hitter_detection_are.png Graphic file (type 
bmp)
<figures/exp84493/caida_heavy_hitter_detection_are.png>
File: figures/exp84485/caida_flow_monitoring_fsc.pdf Graphic file (type pdf)
<use figures/exp84485/caida_flow_monitoring_fsc.pdf>
File: figures/exp84485/tsinghua_flow_monitoring_fsc.pdf Graphic file (type pdf)

<use figures/exp84485/tsinghua_flow_monitoring_fsc.pdf>
File: figures/exp84485/hgc_flow_monitoring_fsc.pdf Graphic file (type pdf)
<use figures/exp84485/hgc_flow_monitoring_fsc.pdf>
File: figures/exp84485/telecom_flow_monitoring_fsc.pdf Graphic file (type pdf)
<use figures/exp84485/telecom_flow_monitoring_fsc.pdf>
 [8]
File: figures/exp84485/caida_cardinality_re.pdf Graphic file (type pdf)
<use figures/exp84485/caida_cardinality_re.pdf>
File: figures/exp84485/tsinghua_cardinality_re.pdf Graphic file (type pdf)
<use figures/exp84485/tsinghua_cardinality_re.pdf>
File: figures/exp84485/hgc_cardinality_re.pdf Graphic file (type pdf)
<use figures/exp84485/hgc_cardinality_re.pdf>
File: figures/exp84485/telecom_cardinality_re.pdf Graphic file (type pdf)
<use figures/exp84485/telecom_cardinality_re.pdf>
File: figures/exp84485/caida_flow_size_estimation_are.pdf Graphic file (type pd
f)
<use figures/exp84485/caida_flow_size_estimation_are.pdf>
File: figures/exp84485/tsinghua_flow_size_estimation_are.pdf Graphic file (type
 pdf)
<use figures/exp84485/tsinghua_flow_size_estimation_are.pdf>
File: figures/exp84485/hgc_flow_size_estimation_are.pdf Graphic file (type pdf)

<use figures/exp84485/hgc_flow_size_estimation_are.pdf>
File: figures/exp84485/telecom_flow_size_estimation_are.pdf Graphic file (type 
pdf)
<use figures/exp84485/telecom_flow_size_estimation_are.pdf>
File: figures/exp84486/caida_250K_f1_score.pdf Graphic file (type pdf)
<use figures/exp84486/caida_250K_f1_score.pdf>
File: figures/exp84486/tsinghua_250K_f1_score.pdf Graphic file (type pdf)
<use figures/exp84486/tsinghua_250K_f1_score.pdf>
File: figures/exp84486/hgc_250K_f1_score.pdf Graphic file (type pdf)
<use figures/exp84486/hgc_250K_f1_score.pdf>
File: figures/exp84486/telecom_250K_f1_score.pdf Graphic file (type pdf)
<use figures/exp84486/telecom_250K_f1_score.pdf>
File: figures/exp84486/caida_250K_re.pdf Graphic file (type pdf)
<use figures/exp84486/caida_250K_re.pdf>
File: figures/exp84486/tsinghua_250K_re.pdf Graphic file (type pdf)
<use figures/exp84486/tsinghua_250K_re.pdf>
File: figures/exp84486/hgc_250K_re.pdf Graphic file (type pdf)
<use figures/exp84486/hgc_250K_re.pdf>
File: figures/exp84486/telecom_250K_re.pdf Graphic file (type pdf)
<use figures/exp84486/telecom_250K_re.pdf>
File: figures/exp84484/throughput.pdf Graphic file (type pdf)
<use figures/exp84484/throughput.pdf>
File: figures/exp84490/ave_hash.pdf Graphic file (type pdf)
<use figures/exp84490/ave_hash.pdf>
File: figures/exp84490/ave_mem.pdf Graphic file (type pdf)
<use figures/exp84490/ave_mem.pdf>
File: figures/exp84491/increase_in_processing.png Graphic file (type bmp)
<figures/exp84491/increase_in_processing.png>
) (./tex/conclusion.tex) (./tex/acknowledgement.tex) (./ms.bbl
** WARNING: IEEEtran.bst: No hyphenation pattern has been
** loaded for the language `en'. Using the pattern for
** the default language instead.
[9]
Underfull \vbox (badness 10000) has occurred while \output is active []


** WARNING: IEEEtran.bst: No hyphenation pattern has been
** loaded for the language `en'. Using the pattern for
** the default language instead.
[10]
Underfull \hbox (badness 1502) in paragraph at lines 95--98
[]\T1/ptm/m/n/8 S. Muthukr-ish-nan, ``Data Streams: Al-go-rithms and Ap-pli-ca-
tions,''
 []

** WARNING: IEEEtran.bst: No hyphenation pattern has been
** loaded for the language `en'. Using the pattern for
** the default language instead.
** WARNING: IEEEtran.bst: No hyphenation pattern has been
** loaded for the language `en'. Using the pattern for
** the default language instead.
** WARNING: IEEEtran.bst: No hyphenation pattern has been
** loaded for the language `en'. Using the pattern for
** the default language instead.
[11])

** Conference Paper **
Before submitting the final camera ready copy, remember to:

 1. Manually equalize the lengths of two columns on the last page
 of your paper;

 2. Ensure that any PostScript and/or PDF output post-processing
 uses only Type 1 fonts and that every step in the generation
 process uses the appropriate paper size.

[12

] (./ms.aux)

LaTeX Font Warning: Some font shapes were not available, defaults substituted.

 ) 
Here is how much of TeX's memory you used:
 3686 strings out of 492916
 59242 string characters out of 6133346
 135916 words of memory out of 5000000
 7624 multiletter control sequences out of 15000+600000
 86749 words of font info for 88 fonts, out of 8000000 for 9000
 1348 hyphenation exceptions out of 8191
 31i,13n,26p,1547b,327s stack positions out of 5000i,500n,10000p,200000b,80000s

Output written on ms.pdf (12 pages).
