This is pdfTeX, Version 3.14159265-2.6-1.40.18 (MiKTeX 2.9.6350 64-bit) (preloaded format=pdflatex 2017.7.10)  13 JAN 2019 09:46
entering extended mode
**./ms.tex
(ms.tex
LaTeX2e <2017-04-15>
Babel <3.10> and hyphenation patterns for 75 language(s) loaded.
("C:\Program Files\MiKTeX 2.9\tex\latex\ieeetran\IEEEtran.cls"
Document Class: IEEEtran 2015/08/26 V1.8b by Michael Shell
-- See the "IEEEtran_HOWTO" manual for usage information.
-- http://www.michaelshell.org/tex/ieeetran/
\@IEEEtrantmpdimenA=\dimen102
\@IEEEtrantmpdimenB=\dimen103
\@IEEEtrantmpdimenC=\dimen104
\@IEEEtrantmpcountA=\count79
\@IEEEtrantmpcountB=\count80
\@IEEEtrantmpcountC=\count81
\@IEEEtrantmptoksA=\toks14
LaTeX Font Info:    Try loading font information for OT1+ptm on input line 503.

("C:\Program Files\MiKTeX 2.9\tex\latex\psnfss\ot1ptm.fd"
File: ot1ptm.fd 2001/06/04 font definitions for OT1/ptm.
)
-- Using 8.5in x 11in (letter) paper.
-- Using PDF output.
\@IEEEnormalsizeunitybaselineskip=\dimen105
-- This is a 10 point document.
\CLASSINFOnormalsizebaselineskip=\dimen106
\CLASSINFOnormalsizeunitybaselineskip=\dimen107
\IEEEnormaljot=\dimen108
LaTeX Font Info:    Font shape `OT1/ptm/bx/n' in size <5> not available
(Font)              Font shape `OT1/ptm/b/n' tried instead on input line 1090.
LaTeX Font Info:    Font shape `OT1/ptm/bx/it' in size <5> not available
(Font)              Font shape `OT1/ptm/b/it' tried instead on input line 1090.

LaTeX Font Info:    Font shape `OT1/ptm/bx/n' in size <7> not available
(Font)              Font shape `OT1/ptm/b/n' tried instead on input line 1090.
LaTeX Font Info:    Font shape `OT1/ptm/bx/it' in size <7> not available
(Font)              Font shape `OT1/ptm/b/it' tried instead on input line 1090.

LaTeX Font Info:    Font shape `OT1/ptm/bx/n' in size <8> not available
(Font)              Font shape `OT1/ptm/b/n' tried instead on input line 1090.
LaTeX Font Info:    Font shape `OT1/ptm/bx/it' in size <8> not available
(Font)              Font shape `OT1/ptm/b/it' tried instead on input line 1090.

LaTeX Font Info:    Font shape `OT1/ptm/bx/n' in size <9> not available
(Font)              Font shape `OT1/ptm/b/n' tried instead on input line 1090.
LaTeX Font Info:    Font shape `OT1/ptm/bx/it' in size <9> not available
(Font)              Font shape `OT1/ptm/b/it' tried instead on input line 1090.

LaTeX Font Info:    Font shape `OT1/ptm/bx/n' in size <10> not available
(Font)              Font shape `OT1/ptm/b/n' tried instead on input line 1090.
LaTeX Font Info:    Font shape `OT1/ptm/bx/it' in size <10> not available
(Font)              Font shape `OT1/ptm/b/it' tried instead on input line 1090.

LaTeX Font Info:    Font shape `OT1/ptm/bx/n' in size <11> not available
(Font)              Font shape `OT1/ptm/b/n' tried instead on input line 1090.
LaTeX Font Info:    Font shape `OT1/ptm/bx/it' in size <11> not available
(Font)              Font shape `OT1/ptm/b/it' tried instead on input line 1090.

LaTeX Font Info:    Font shape `OT1/ptm/bx/n' in size <12> not available
(Font)              Font shape `OT1/ptm/b/n' tried instead on input line 1090.
LaTeX Font Info:    Font shape `OT1/ptm/bx/it' in size <12> not available
(Font)              Font shape `OT1/ptm/b/it' tried instead on input line 1090.

LaTeX Font Info:    Font shape `OT1/ptm/bx/n' in size <17> not available
(Font)              Font shape `OT1/ptm/b/n' tried instead on input line 1090.
LaTeX Font Info:    Font shape `OT1/ptm/bx/it' in size <17> not available
(Font)              Font shape `OT1/ptm/b/it' tried instead on input line 1090.

LaTeX Font Info:    Font shape `OT1/ptm/bx/n' in size <20> not available
(Font)              Font shape `OT1/ptm/b/n' tried instead on input line 1090.
LaTeX Font Info:    Font shape `OT1/ptm/bx/it' in size <20> not available
(Font)              Font shape `OT1/ptm/b/it' tried instead on input line 1090.

LaTeX Font Info:    Font shape `OT1/ptm/bx/n' in size <24> not available
(Font)              Font shape `OT1/ptm/b/n' tried instead on input line 1090.
LaTeX Font Info:    Font shape `OT1/ptm/bx/it' in size <24> not available
(Font)              Font shape `OT1/ptm/b/it' tried instead on input line 1090.

\IEEEquantizedlength=\dimen109
\IEEEquantizedlengthdiff=\dimen110
\IEEEquantizedtextheightdiff=\dimen111
\IEEEilabelindentA=\dimen112
\IEEEilabelindentB=\dimen113
\IEEEilabelindent=\dimen114
\IEEEelabelindent=\dimen115
\IEEEdlabelindent=\dimen116
\IEEElabelindent=\dimen117
\IEEEiednormlabelsep=\dimen118
\IEEEiedmathlabelsep=\dimen119
\IEEEiedtopsep=\skip41
\c@section=\count82
\c@subsection=\count83
\c@subsubsection=\count84
\c@paragraph=\count85
\c@IEEEsubequation=\count86
\abovecaptionskip=\skip42
\belowcaptionskip=\skip43
\c@figure=\count87
\c@table=\count88
\@IEEEeqnnumcols=\count89
\@IEEEeqncolcnt=\count90
\@IEEEsubeqnnumrollback=\count91
\@IEEEquantizeheightA=\dimen120
\@IEEEquantizeheightB=\dimen121
\@IEEEquantizeheightC=\dimen122
\@IEEEquantizeprevdepth=\dimen123
\@IEEEquantizemultiple=\count92
\@IEEEquantizeboxA=\box26
\@IEEEtmpitemindent=\dimen124
\IEEEPARstartletwidth=\dimen125
\c@IEEEbiography=\count93
\@IEEEtranrubishbin=\box27
) ("C:\Program Files\MiKTeX 2.9\tex\latex\comment\comment.sty"
\CommentStream=\write3

Excluding comment 'comment')
("C:\Program Files\MiKTeX 2.9\tex\latex\base\inputenc.sty"
Package: inputenc 2015/03/17 v1.2c Input encoding file
\inpenc@prehook=\toks15
\inpenc@posthook=\toks16

("C:\Program Files\MiKTeX 2.9\tex\latex\base\latin1.def"
File: latin1.def 2015/03/17 v1.2c Input encoding file
))
("C:\Program Files\MiKTeX 2.9\tex\latex\base\fontenc.sty"
Package: fontenc 2017/04/05 v2.0i Standard LaTeX package

("C:\Program Files\MiKTeX 2.9\tex\latex\base\t1enc.def"
File: t1enc.def 2017/04/05 v2.0i Standard LaTeX file
LaTeX Font Info:    Redeclaring font encoding T1 on input line 48.
)
LaTeX Font Info:    Try loading font information for T1+ptm on input line 105.

("C:\Program Files\MiKTeX 2.9\tex\latex\psnfss\t1ptm.fd"
File: t1ptm.fd 2001/06/04 font definitions for T1/ptm.
))
\c@theorem=\count94

("C:\Program Files\MiKTeX 2.9\tex\latex\graphics\graphicx.sty"
Package: graphicx 2014/10/28 v1.0g Enhanced LaTeX Graphics (DPC,SPQR)

("C:\Program Files\MiKTeX 2.9\tex\latex\graphics\keyval.sty"
Package: keyval 2014/10/28 v1.15 key=value parser (DPC)
\KV@toks@=\toks17
)
("C:\Program Files\MiKTeX 2.9\tex\latex\graphics\graphics.sty"
Package: graphics 2017/04/14 v1.1b Standard LaTeX Graphics (DPC,SPQR)

("C:\Program Files\MiKTeX 2.9\tex\latex\graphics\trig.sty"
Package: trig 2016/01/03 v1.10 sin cos tan (DPC)
)
("C:\Program Files\MiKTeX 2.9\tex\latex\graphics-cfg\graphics.cfg"
File: graphics.cfg 2016/06/04 v1.11 sample graphics configuration
)
Package graphics Info: Driver file: pdftex.def on input line 99.

("C:\Program Files\MiKTeX 2.9\tex\latex\graphics-def\pdftex.def"
File: pdftex.def 2017/01/12 v0.06k Graphics/color for pdfTeX

("C:\Program Files\MiKTeX 2.9\tex\generic\oberdiek\infwarerr.sty"
Package: infwarerr 2016/05/16 v1.4 Providing info/warning/error messages (HO)
)
("C:\Program Files\MiKTeX 2.9\tex\generic\oberdiek\ltxcmds.sty"
Package: ltxcmds 2016/05/16 v1.23 LaTeX kernel commands for general use (HO)
)
\Gread@gobject=\count95
))
\Gin@req@height=\dimen126
\Gin@req@width=\dimen127
)
("C:\Program Files\MiKTeX 2.9\tex\latex\subfigure\subfigure.sty"
Package: subfigure 2002/07/30 v2.1.4 subfigure package
\subfigtopskip=\skip44
\subfigcapskip=\skip45
\subfigcaptopadj=\dimen128
\subfigbottomskip=\skip46
\subfigcapmargin=\dimen129
\subfiglabelskip=\skip47
\c@subfigure=\count96
\c@lofdepth=\count97
\c@subtable=\count98
\c@lotdepth=\count99

****************************************
* Local config file subfigure.cfg used *
****************************************
("C:\Program Files\MiKTeX 2.9\tex\latex\subfigure\subfigure.cfg")
\subfig@top=\skip48
\subfig@bottom=\skip49
)
("C:\Program Files\MiKTeX 2.9\tex\latex\algorithms\algorithm.sty"
Package: algorithm 2009/08/24 v0.1 Document Style `algorithm' - floating enviro
nment

("C:\Program Files\MiKTeX 2.9\tex\latex\float\float.sty"
Package: float 2001/11/08 v1.3d Float enhancements (AL)
\c@float@type=\count100
\float@exts=\toks18
\float@box=\box28
\@float@everytoks=\toks19
\@floatcapt=\box29
)
("C:\Program Files\MiKTeX 2.9\tex\latex\base\ifthen.sty"
Package: ifthen 2014/09/29 v1.1c Standard LaTeX ifthen package (DPC)
)
\@float@every@algorithm=\toks20
\c@algorithm=\count101
)
("C:\Program Files\MiKTeX 2.9\tex\latex\algorithmicx\algorithmicx.sty"
Package: algorithmicx 2005/04/27 v1.2 Algorithmicx

Document Style algorithmicx 1.2 - a greatly improved `algorithmic' style
\c@ALG@line=\count102
\c@ALG@rem=\count103
\c@ALG@nested=\count104
\ALG@tlm=\skip50
\ALG@thistlm=\skip51
\c@ALG@Lnr=\count105
\c@ALG@blocknr=\count106
\c@ALG@storecount=\count107
\c@ALG@tmpcounter=\count108
\ALG@tmplength=\skip52
) ("C:\Program Files\MiKTeX 2.9\tex\latex\algorithmicx\algpseudocode.sty"
Package: algpseudocode 

Document Style - pseudocode environments for use with the `algorithmicx' style
) ("C:\Program Files\MiKTeX 2.9\tex\latex\amsmath\amsmath.sty"
Package: amsmath 2016/11/05 v2.16a AMS math features
\@mathmargin=\skip53

For additional information on amsmath, use the `?' option.
("C:\Program Files\MiKTeX 2.9\tex\latex\amsmath\amstext.sty"
Package: amstext 2000/06/29 v2.01 AMS text

("C:\Program Files\MiKTeX 2.9\tex\latex\amsmath\amsgen.sty"
File: amsgen.sty 1999/11/30 v2.0 generic functions
\@emptytoks=\toks21
\ex@=\dimen130
))
("C:\Program Files\MiKTeX 2.9\tex\latex\amsmath\amsbsy.sty"
Package: amsbsy 1999/11/29 v1.2d Bold Symbols
\pmbraise@=\dimen131
)
("C:\Program Files\MiKTeX 2.9\tex\latex\amsmath\amsopn.sty"
Package: amsopn 2016/03/08 v2.02 operator names
)
\inf@bad=\count109
LaTeX Info: Redefining \frac on input line 213.
\uproot@=\count110
\leftroot@=\count111
LaTeX Info: Redefining \overline on input line 375.
\classnum@=\count112
\DOTSCASE@=\count113
LaTeX Info: Redefining \ldots on input line 472.
LaTeX Info: Redefining \dots on input line 475.
LaTeX Info: Redefining \cdots on input line 596.
\Mathstrutbox@=\box30
\strutbox@=\box31
\big@size=\dimen132
LaTeX Font Info:    Redeclaring font encoding OML on input line 712.
LaTeX Font Info:    Redeclaring font encoding OMS on input line 713.
\macc@depth=\count114
\c@MaxMatrixCols=\count115
\dotsspace@=\muskip10
\c@parentequation=\count116
\dspbrk@lvl=\count117
\tag@help=\toks22
\row@=\count118
\column@=\count119
\maxfields@=\count120
\andhelp@=\toks23
\eqnshift@=\dimen133
\alignsep@=\dimen134
\tagshift@=\dimen135
\tagwidth@=\dimen136
\totwidth@=\dimen137
\lineht@=\dimen138
\@envbody=\toks24
\multlinegap=\skip54
\multlinetaggap=\skip55
\mathdisplay@stack=\toks25
LaTeX Info: Redefining \[ on input line 2817.
LaTeX Info: Redefining \] on input line 2818.
)
("C:\Program Files\MiKTeX 2.9\tex\latex\url\url.sty"
\Urlmuskip=\muskip11
Package: url 2013/09/16  ver 3.4  Verb mode for urls, etc.
)
("C:\Program Files\MiKTeX 2.9\tex\latex\tools\array.sty"
Package: array 2016/10/06 v2.4d Tabular extension package (FMi)
\col@sep=\dimen139
\extrarowheight=\dimen140
\NC@list=\toks26
\extratabsurround=\skip56
\backup@length=\skip57
)
("C:\Program Files\MiKTeX 2.9\tex\latex\multirow\multirow.sty"
Package: multirow 2016/11/25 v2.2 Span multiple rows of a table
\multirow@colwidth=\skip58
\multirow@cntb=\count121
\multirow@dima=\skip59
\bigstrutjot=\dimen141
) (ms.aux)
\openout1 = `ms.aux'.

LaTeX Font Info:    Checking defaults for OML/cmm/m/it on input line 53.
LaTeX Font Info:    ... okay on input line 53.
LaTeX Font Info:    Checking defaults for T1/cmr/m/n on input line 53.
LaTeX Font Info:    ... okay on input line 53.
LaTeX Font Info:    Checking defaults for OT1/cmr/m/n on input line 53.
LaTeX Font Info:    ... okay on input line 53.
LaTeX Font Info:    Checking defaults for OMS/cmsy/m/n on input line 53.
LaTeX Font Info:    ... okay on input line 53.
LaTeX Font Info:    Checking defaults for OMX/cmex/m/n on input line 53.
LaTeX Font Info:    ... okay on input line 53.
LaTeX Font Info:    Checking defaults for U/cmr/m/n on input line 53.
LaTeX Font Info:    ... okay on input line 53.
LaTeX Font Info:    Font shape `T1/ptm/bx/n' in size <5> not available
(Font)              Font shape `T1/ptm/b/n' tried instead on input line 53.
LaTeX Font Info:    Font shape `T1/ptm/bx/it' in size <5> not available
(Font)              Font shape `T1/ptm/b/it' tried instead on input line 53.
LaTeX Font Info:    Font shape `T1/ptm/bx/n' in size <7> not available
(Font)              Font shape `T1/ptm/b/n' tried instead on input line 53.
LaTeX Font Info:    Font shape `T1/ptm/bx/it' in size <7> not available
(Font)              Font shape `T1/ptm/b/it' tried instead on input line 53.
LaTeX Font Info:    Font shape `T1/ptm/bx/n' in size <8> not available
(Font)              Font shape `T1/ptm/b/n' tried instead on input line 53.
LaTeX Font Info:    Font shape `T1/ptm/bx/it' in size <8> not available
(Font)              Font shape `T1/ptm/b/it' tried instead on input line 53.
LaTeX Font Info:    Font shape `T1/ptm/bx/n' in size <9> not available
(Font)              Font shape `T1/ptm/b/n' tried instead on input line 53.
LaTeX Font Info:    Font shape `T1/ptm/bx/it' in size <9> not available
(Font)              Font shape `T1/ptm/b/it' tried instead on input line 53.
LaTeX Font Info:    Font shape `T1/ptm/bx/n' in size <10> not available
(Font)              Font shape `T1/ptm/b/n' tried instead on input line 53.
LaTeX Font Info:    Font shape `T1/ptm/bx/it' in size <10> not available
(Font)              Font shape `T1/ptm/b/it' tried instead on input line 53.
LaTeX Font Info:    Font shape `T1/ptm/bx/n' in size <11> not available
(Font)              Font shape `T1/ptm/b/n' tried instead on input line 53.
LaTeX Font Info:    Font shape `T1/ptm/bx/it' in size <11> not available
(Font)              Font shape `T1/ptm/b/it' tried instead on input line 53.
LaTeX Font Info:    Font shape `T1/ptm/bx/n' in size <12> not available
(Font)              Font shape `T1/ptm/b/n' tried instead on input line 53.
LaTeX Font Info:    Font shape `T1/ptm/bx/it' in size <12> not available
(Font)              Font shape `T1/ptm/b/it' tried instead on input line 53.
LaTeX Font Info:    Font shape `T1/ptm/bx/n' in size <17> not available
(Font)              Font shape `T1/ptm/b/n' tried instead on input line 53.
LaTeX Font Info:    Font shape `T1/ptm/bx/it' in size <17> not available
(Font)              Font shape `T1/ptm/b/it' tried instead on input line 53.
LaTeX Font Info:    Font shape `T1/ptm/bx/n' in size <20> not available
(Font)              Font shape `T1/ptm/b/n' tried instead on input line 53.
LaTeX Font Info:    Font shape `T1/ptm/bx/it' in size <20> not available
(Font)              Font shape `T1/ptm/b/it' tried instead on input line 53.
LaTeX Font Info:    Font shape `T1/ptm/bx/n' in size <24> not available
(Font)              Font shape `T1/ptm/b/n' tried instead on input line 53.
LaTeX Font Info:    Font shape `T1/ptm/bx/it' in size <24> not available
(Font)              Font shape `T1/ptm/b/it' tried instead on input line 53.

-- Lines per column: 56 (exact).
("C:\Program Files\MiKTeX 2.9\tex\context\base\supp-pdf.mkii"
[Loading MPS to PDF converter (version 2006.09.02).]
\scratchcounter=\count122
\scratchdimen=\dimen142
\scratchbox=\box32
\nofMPsegments=\count123
\nofMParguments=\count124
\everyMPshowfont=\toks27
\MPscratchCnt=\count125
\MPscratchDim=\dimen143
\MPnumerator=\count126
\makeMPintoPDFobject=\count127
\everyMPtoPDFconversion=\toks28
) ("C:\Program Files\MiKTeX 2.9\tex\generic\oberdiek\pdftexcmds.sty"
Package: pdftexcmds 2017/03/19 v0.25 Utility functions of pdfTeX for LuaTeX (HO
)

("C:\Program Files\MiKTeX 2.9\tex\generic\oberdiek\ifluatex.sty"
Package: ifluatex 2016/05/16 v1.4 Provides the ifluatex switch (HO)
Package ifluatex Info: LuaTeX not detected.
)
("C:\Program Files\MiKTeX 2.9\tex\generic\oberdiek\ifpdf.sty"
Package: ifpdf 2017/03/15 v3.2 Provides the ifpdf switch
)
Package pdftexcmds Info: LuaTeX not detected.
Package pdftexcmds Info: \pdf@primitive is available.
Package pdftexcmds Info: \pdf@ifprimitive is available.
Package pdftexcmds Info: \pdfdraftmode found.
)
("C:\Program Files\MiKTeX 2.9\tex\latex\oberdiek\epstopdf-base.sty"
Package: epstopdf-base 2016/05/15 v2.6 Base part for package epstopdf

("C:\Program Files\MiKTeX 2.9\tex\latex\oberdiek\grfext.sty"
Package: grfext 2016/05/16 v1.2 Manage graphics extensions (HO)

("C:\Program Files\MiKTeX 2.9\tex\generic\oberdiek\kvdefinekeys.sty"
Package: kvdefinekeys 2016/05/16 v1.4 Define keys (HO)
))
("C:\Program Files\MiKTeX 2.9\tex\latex\oberdiek\kvoptions.sty"
Package: kvoptions 2016/05/16 v3.12 Key value format for package options (HO)

("C:\Program Files\MiKTeX 2.9\tex\generic\oberdiek\kvsetkeys.sty"
Package: kvsetkeys 2016/05/16 v1.17 Key value parser (HO)

("C:\Program Files\MiKTeX 2.9\tex\generic\oberdiek\etexcmds.sty"
Package: etexcmds 2016/05/16 v1.6 Avoid name clashes with e-TeX commands (HO)
Package etexcmds Info: Could not find \expanded.
(etexcmds)             That can mean that you are not using pdfTeX 1.50 or
(etexcmds)             that some package has redefined \expanded.
(etexcmds)             In the latter case, load this package earlier.
)))
Package epstopdf-base Info: Redefining graphics rule for `.eps' on input line 4
38.
Package grfext Info: Graphics extension search list:
(grfext)             [.png,.pdf,.jpg,.mps,.jpeg,.jbig2,.jb2,.PNG,.PDF,.JPG,.JPE
G,.JBIG2,.JB2,.eps]
(grfext)             \AppendGraphicsExtensions on input line 456.
)
LaTeX Font Info:    Calculating math sizes for size <11> on input line 64.

(src/abstract.tex) (src/introduction.tex
Underfull \hbox (badness 5592) in paragraph at lines 36--43
\T1/ptm/m/n/10 ing bet-ter statis-tics es-ti-ma-tion, re-cently a few al-go-
 []


Underfull \hbox (badness 2837) in paragraph at lines 36--43
\T1/ptm/m/n/10 rithms that make en-hance-ment to a naive hash ta-ble
 []


Underfull \hbox (badness 4647) in paragraph at lines 36--43
\T1/ptm/m/n/10 and in-te-grate sketches have been pro-posed, in-clud-ing
 []

[1{C:/ProgramData/MiKTeX/2.9/pdftex/config/pdftex.map}


]
Underfull \hbox (badness 1881) in paragraph at lines 70--83
[]\T1/ptm/m/n/10 We have im-ple-mented Hash-Flow, as well as sev-eral
 []

) (src/background_motivation.tex [2]) (src/algorithm.tex
<figures/data_structure/data_structure.pdf, id=21, 473.51906pt x 289.08pt>
File: figures/data_structure/data_structure.pdf Graphic file (type pdf)

<use figures/data_structure/data_structure.pdf>
Package pdftex.def Info: figures/data_structure/data_structure.pdf used on inpu
t line 106.
(pdftex.def)             Requested size: 250.77312pt x 153.09256pt.
 [3] [4 <./figures/data_structure/data_structure.pdf>]
<figures/exp84481/hash_table_utilization.png, id=54, 452.4102pt x 505.1673pt>
File: figures/exp84481/hash_table_utilization.png Graphic file (type png)

<use figures/exp84481/hash_table_utilization.png>
Package pdftex.def Info: figures/exp84481/hash_table_utilization.png used on in
put line 212.
(pdftex.def)             Requested size: 123.84283pt x 138.27779pt.

<figures/exp84489/pipelined_tables_utilization_ratio_10.png, id=56, 452.4102pt 
x 505.1673pt>
File: figures/exp84489/pipelined_tables_utilization_ratio_10.png Graphic file (
type png)
 <use figures/exp84489/pipelined_tables_utilization_ratio_10.png>
Package pdftex.def Info: figures/exp84489/pipelined_tables_utilization_ratio_10
.png used on input line 212.
(pdftex.def)             Requested size: 123.84283pt x 138.27779pt.

<figures/exp84489/pipelined_tables_utilization_ratio_20.png, id=57, 452.4102pt 
x 505.1673pt>
File: figures/exp84489/pipelined_tables_utilization_ratio_20.png Graphic file (
type png)
 <use figures/exp84489/pipelined_tables_utilization_ratio_20.png>
Package pdftex.def Info: figures/exp84489/pipelined_tables_utilization_ratio_20
.png used on input line 212.
(pdftex.def)             Requested size: 123.84283pt x 138.27779pt.

<figures/exp84488/improvement.png, id=58, 487.0998pt x 505.1673pt>
File: figures/exp84488/improvement.png Graphic file (type png)

<use figures/exp84488/improvement.png>
Package pdftex.def Info: figures/exp84488/improvement.png used on input line 21
2.
(pdftex.def)             Requested size: 123.84283pt x 128.43439pt.
) (src/implementation.tex [5])
(src/evaluation.tex
Underfull \hbox (badness 1881) in paragraph at lines 5--12
[]\T1/ptm/m/n/10 We have im-ple-mented Hash-Flow, as well as sev-eral
 []

<figures/exp84478/flow_size_distribution.png, id=63, 446.6286pt x 356.2911pt>
File: figures/exp84478/flow_size_distribution.png Graphic file (type png)

<use figures/exp84478/flow_size_distribution.png>
Package pdftex.def Info: figures/exp84478/flow_size_distribution.png used on in
put line 47.
(pdftex.def)             Requested size: 112.84712pt x 90.01851pt.

<figures/exp84479/are_with_depth.png, id=64, 485.6544pt x 362.0727pt>
File: figures/exp84479/are_with_depth.png Graphic file (type png)

<use figures/exp84479/are_with_depth.png>
Package pdftex.def Info: figures/exp84479/are_with_depth.png used on input line
 53.
(pdftex.def)             Requested size: 112.84712pt x 84.1313pt.
 [6 <./figures/exp84481/hash_table_utilization.png> <./figures/exp84489/pipelin
ed_tables_utilization_ratio_10.png> <./figures/exp84489/pipelined_tables_utiliz
ation_ratio_20.png> <./figures/exp84488/improvement.png>] [7 <./figures/exp8447
8/flow_size_distribution.png> <./figures/exp84479/are_with_depth.png>]
<figures/exp84454/flow_monitoring_fsc.png, id=78, 474.8139pt x 344.0052pt>
File: figures/exp84454/flow_monitoring_fsc.png Graphic file (type png)

<use figures/exp84454/flow_monitoring_fsc.png>
Package pdftex.def Info: figures/exp84454/flow_monitoring_fsc.png used on input
 line 179.
(pdftex.def)             Requested size: 112.84712pt x 81.75456pt.

<figures/exp84454/flow_size_estimation_are.png, id=79, 474.8139pt x 351.2322pt>
File: figures/exp84454/flow_size_estimation_are.png Graphic file (type png)
<use figures/exp84454/flow_size_estimation_are.png>
Package pdftex.def Info: figures/exp84454/flow_size_estimation_are.png used on 
input line 179.
(pdftex.def)             Requested size: 112.84712pt x 83.4721pt.

<figures/exp84493/caida_heavy_hitter_detection_f1_score.png, id=80, 463.9734pt 
x 434.3427pt>
File: figures/exp84493/caida_heavy_hitter_detection_f1_score.png Graphic file (
type png)
 <use figures/exp84493/caida_heavy_hitter_detection_f1_score.png>
Package pdftex.def Info: figures/exp84493/caida_heavy_hitter_detection_f1_score
.png used on input line 191.
(pdftex.def)             Requested size: 112.84712pt x 105.63615pt.

<figures/exp84493/caida_heavy_hitter_detection_are.png, id=81, 463.9734pt x 434
.3427pt>
File: figures/exp84493/caida_heavy_hitter_detection_are.png Graphic file (type 
png)
 <use figures/exp84493/caida_heavy_hitter_detection_are.png>
Package pdftex.def Info: figures/exp84493/caida_heavy_hitter_detection_are.png 
used on input line 191.
(pdftex.def)             Requested size: 112.84712pt x 105.63615pt.

<figures/exp84485/caida_flow_monitoring_fsc.png, id=82, 483.4863pt x 430.0065pt
>
File: figures/exp84485/caida_flow_monitoring_fsc.png Graphic file (type png)
 <use figures/exp84485/caida_flow_monitoring_fsc.png>
Package pdftex.def Info: figures/exp84485/caida_flow_monitoring_fsc.png used on
 input line 224.
(pdftex.def)             Requested size: 123.84283pt x 110.13902pt.

<figures/exp84485/tsinghua_flow_monitoring_fsc.png, id=83, 483.4863pt x 430.006
5pt>
File: figures/exp84485/tsinghua_flow_monitoring_fsc.png Graphic file (type png)

 <use figures/exp84485/tsinghua_flow_monitoring_fsc.png>
Package pdftex.def Info: figures/exp84485/tsinghua_flow_monitoring_fsc.png used
 on input line 224.
(pdftex.def)             Requested size: 123.84283pt x 110.13902pt.

<figures/exp84485/hgc_flow_monitoring_fsc.png, id=84, 483.4863pt x 430.0065pt>
File: figures/exp84485/hgc_flow_monitoring_fsc.png Graphic file (type png)

<use figures/exp84485/hgc_flow_monitoring_fsc.png>
Package pdftex.def Info: figures/exp84485/hgc_flow_monitoring_fsc.png used on i
nput line 224.
(pdftex.def)             Requested size: 123.84283pt x 110.13902pt.

<figures/exp84485/telecom_flow_monitoring_fsc.png, id=85, 483.4863pt x 430.0065
pt>
File: figures/exp84485/telecom_flow_monitoring_fsc.png Graphic file (type png)
 <use figures/exp84485/telecom_flow_monitoring_fsc.png>
Package pdftex.def Info: figures/exp84485/telecom_flow_monitoring_fsc.png used 
on input line 224.
(pdftex.def)             Requested size: 123.84283pt x 110.13902pt.

<figures/exp84485/caida_cardinality_re.png, id=86, 483.4863pt x 430.0065pt>
File: figures/exp84485/caida_cardinality_re.png Graphic file (type png)

<use figures/exp84485/caida_cardinality_re.png>
Package pdftex.def Info: figures/exp84485/caida_cardinality_re.png used on inpu
t line 246.
(pdftex.def)             Requested size: 123.84283pt x 110.13902pt.

<figures/exp84485/tsinghua_cardinality_re.png, id=87, 483.4863pt x 430.0065pt>
File: figures/exp84485/tsinghua_cardinality_re.png Graphic file (type png)

<use figures/exp84485/tsinghua_cardinality_re.png>
Package pdftex.def Info: figures/exp84485/tsinghua_cardinality_re.png used on i
nput line 246.
(pdftex.def)             Requested size: 123.84283pt x 110.13902pt.

<figures/exp84485/hgc_cardinality_re.png, id=88, 483.4863pt x 430.0065pt>
File: figures/exp84485/hgc_cardinality_re.png Graphic file (type png)

<use figures/exp84485/hgc_cardinality_re.png>
Package pdftex.def Info: figures/exp84485/hgc_cardinality_re.png used on input 
line 246.
(pdftex.def)             Requested size: 123.84283pt x 110.13902pt.

<figures/exp84485/telecom_cardinality_re.png, id=89, 483.4863pt x 430.0065pt>
File: figures/exp84485/telecom_cardinality_re.png Graphic file (type png)

<use figures/exp84485/telecom_cardinality_re.png>
Package pdftex.def Info: figures/exp84485/telecom_cardinality_re.png used on in
put line 246.
(pdftex.def)             Requested size: 123.84283pt x 110.13902pt.

<figures/exp84485/caida_flow_size_estimation_are.png, id=90, 483.4863pt x 430.0
065pt>
File: figures/exp84485/caida_flow_size_estimation_are.png Graphic file (type pn
g)
 <use figures/exp84485/caida_flow_size_estimation_are.png>
Package pdftex.def Info: figures/exp84485/caida_flow_size_estimation_are.png us
ed on input line 266.
(pdftex.def)             Requested size: 123.84283pt x 110.13902pt.

<figures/exp84485/tsinghua_flow_size_estimation_are.png, id=91, 483.4863pt x 43
0.0065pt>
File: figures/exp84485/tsinghua_flow_size_estimation_are.png Graphic file (type
 png)
 <use figures/exp84485/tsinghua_flow_size_estimation_are.png>
Package pdftex.def Info: figures/exp84485/tsinghua_flow_size_estimation_are.png
 used on input line 266.
(pdftex.def)             Requested size: 123.84283pt x 110.13902pt.

<figures/exp84485/hgc_flow_size_estimation_are.png, id=92, 483.4863pt x 430.006
5pt>
File: figures/exp84485/hgc_flow_size_estimation_are.png Graphic file (type png)

 <use figures/exp84485/hgc_flow_size_estimation_are.png>
Package pdftex.def Info: figures/exp84485/hgc_flow_size_estimation_are.png used
 on input line 266.
(pdftex.def)             Requested size: 123.84283pt x 110.13902pt.

<figures/exp84485/telecom_flow_size_estimation_are.png, id=93, 483.4863pt x 430
.0065pt>
File: figures/exp84485/telecom_flow_size_estimation_are.png Graphic file (type 
png)
 <use figures/exp84485/telecom_flow_size_estimation_are.png>
Package pdftex.def Info: figures/exp84485/telecom_flow_size_estimation_are.png 
used on input line 266.
(pdftex.def)             Requested size: 123.84283pt x 110.13902pt.

<figures/exp84486/caida_250K_f1_score.png, id=94, 469.0323pt x 430.0065pt>
File: figures/exp84486/caida_250K_f1_score.png Graphic file (type png)

<use figures/exp84486/caida_250K_f1_score.png>
Package pdftex.def Info: figures/exp84486/caida_250K_f1_score.png used on input
 line 294.
(pdftex.def)             Requested size: 123.84283pt x 113.53781pt.

<figures/exp84486/tsinghua_250K_f1_score.png, id=95, 469.0323pt x 430.0065pt>
File: figures/exp84486/tsinghua_250K_f1_score.png Graphic file (type png)

<use figures/exp84486/tsinghua_250K_f1_score.png>
Package pdftex.def Info: figures/exp84486/tsinghua_250K_f1_score.png used on in
put line 294.
(pdftex.def)             Requested size: 123.84283pt x 113.53781pt.

<figures/exp84486/hgc_250K_f1_score.png, id=96, 452.4102pt x 430.0065pt>
File: figures/exp84486/hgc_250K_f1_score.png Graphic file (type png)

<use figures/exp84486/hgc_250K_f1_score.png>
Package pdftex.def Info: figures/exp84486/hgc_250K_f1_score.png used on input l
ine 294.
(pdftex.def)             Requested size: 123.84283pt x 117.70427pt.

<figures/exp84486/telecom_250K_f1_score.png, id=97, 452.4102pt x 430.0065pt>
File: figures/exp84486/telecom_250K_f1_score.png Graphic file (type png)

<use figures/exp84486/telecom_250K_f1_score.png>
Package pdftex.def Info: figures/exp84486/telecom_250K_f1_score.png used on inp
ut line 294.
(pdftex.def)             Requested size: 123.84283pt x 117.70427pt.

<figures/exp84486/caida_250K_re.png, id=98, 452.4102pt x 430.0065pt>
File: figures/exp84486/caida_250K_re.png Graphic file (type png)

<use figures/exp84486/caida_250K_re.png>
Package pdftex.def Info: figures/exp84486/caida_250K_re.png used on input line 
307.
(pdftex.def)             Requested size: 123.84283pt x 117.70427pt.

<figures/exp84486/tsinghua_250K_re.png, id=99, 452.4102pt x 430.0065pt>
File: figures/exp84486/tsinghua_250K_re.png Graphic file (type png)

<use figures/exp84486/tsinghua_250K_re.png>
Package pdftex.def Info: figures/exp84486/tsinghua_250K_re.png used on input li
ne 307.
(pdftex.def)             Requested size: 123.84283pt x 117.70427pt.

<figures/exp84486/hgc_250K_re.png, id=100, 452.4102pt x 430.0065pt>
File: figures/exp84486/hgc_250K_re.png Graphic file (type png)

<use figures/exp84486/hgc_250K_re.png>
Package pdftex.def Info: figures/exp84486/hgc_250K_re.png used on input line 30
7.
(pdftex.def)             Requested size: 123.84283pt x 117.70427pt.

<figures/exp84486/telecom_250K_re.png, id=101, 452.4102pt x 430.0065pt>
File: figures/exp84486/telecom_250K_re.png Graphic file (type png)

<use figures/exp84486/telecom_250K_re.png>
Package pdftex.def Info: figures/exp84486/telecom_250K_re.png used on input lin
e 307.
(pdftex.def)             Requested size: 123.84283pt x 117.70427pt.

<figures/exp84484/throughput.png, id=102, 461.0826pt x 440.847pt>
File: figures/exp84484/throughput.png Graphic file (type png)

<use figures/exp84484/throughput.png>
Package pdftex.def Info: figures/exp84484/throughput.png used on input line 321
.
(pdftex.def)             Requested size: 123.84283pt x 118.40468pt.

<figures/exp84490/ave_hash.png, id=103, 461.0826pt x 440.847pt>
File: figures/exp84490/ave_hash.png Graphic file (type png)

<use figures/exp84490/ave_hash.png>
Package pdftex.def Info: figures/exp84490/ave_hash.png used on input line 321.
(pdftex.def)             Requested size: 123.84283pt x 118.40468pt.

<figures/exp84490/ave_mem.png, id=104, 477.7047pt x 440.847pt>
File: figures/exp84490/ave_mem.png Graphic file (type png)

<use figures/exp84490/ave_mem.png>
Package pdftex.def Info: figures/exp84490/ave_mem.png used on input line 321.
(pdftex.def)             Requested size: 123.84283pt x 114.28117pt.

<figures/exp84491/increase_in_processing.png, id=105, 484.209pt x 440.1243pt>
File: figures/exp84491/increase_in_processing.png Graphic file (type png)

<use figures/exp84491/increase_in_processing.png>
Package pdftex.def Info: figures/exp84491/increase_in_processing.png used on in
put line 321.
(pdftex.def)             Requested size: 123.84283pt x 112.56264pt.

Underfull \vbox (badness 3701) has occurred while \output is active []

 [8 <./figures/exp84454/flow_monitoring_fsc.png> <./figures/exp84454/flow_size_
estimation_are.png> <./figures/exp84493/caida_heavy_hitter_detection_f1_score.p
ng> <./figures/exp84493/caida_heavy_hitter_detection_are.png>]
Overfull \vbox (5.97284pt too high) has occurred while \output is active []


Underfull \vbox (badness 10000) has occurred while \output is active []

 [9 <./figures/exp84485/caida_flow_monitoring_fsc.png> <./figures/exp84485/tsin
ghua_flow_monitoring_fsc.png> <./figures/exp84485/hgc_flow_monitoring_fsc.png> 
<./figures/exp84485/telecom_flow_monitoring_fsc.png> <./figures/exp84485/caida_
cardinality_re.png> <./figures/exp84485/tsinghua_cardinality_re.png> <./figures
/exp84485/hgc_cardinality_re.png> <./figures/exp84485/telecom_cardinality_re.pn
g> <./figures/exp84485/caida_flow_size_estimation_are.png> <./figures/exp84485/
tsinghua_flow_size_estimation_are.png> <./figures/exp84485/hgc_flow_size_estima
tion_are.png> <./figures/exp84485/telecom_flow_size_estimation_are.png> <./figu
res/exp84486/caida_250K_f1_score.png> <./figures/exp84486/tsinghua_250K_f1_scor
e.png> <./figures/exp84486/hgc_250K_f1_score.png> <./figures/exp84486/telecom_2
50K_f1_score.png>]) (src/conclusion.tex) (ms.bbl
** WARNING: IEEEtran.bst: No hyphenation pattern has been
** loaded for the language `en'. Using the pattern for
** the default language instead.
** WARNING: IEEEtran.bst: No hyphenation pattern has been
** loaded for the language `en'. Using the pattern for
** the default language instead.
[10 <./figures/exp84486/caida_250K_re.png> <./figures/exp84486/tsinghua_250K_re
.png> <./figures/exp84486/hgc_250K_re.png> <./figures/exp84486/telecom_250K_re.
png> <./figures/exp84484/throughput.png> <./figures/exp84490/ave_hash.png> <./f
igures/exp84490/ave_mem.png> <./figures/exp84491/increase_in_processing.png>]
Underfull \hbox (badness 1502) in paragraph at lines 75--78
[]\T1/ptm/m/n/8 S. Muthukr-ish-nan, ``Data Streams: Al-go-rithms and Ap-pli-ca-
tions,''
 []

** WARNING: IEEEtran.bst: No hyphenation pattern has been
** loaded for the language `en'. Using the pattern for
** the default language instead.
** WARNING: IEEEtran.bst: No hyphenation pattern has been
** loaded for the language `en'. Using the pattern for
** the default language instead.
** WARNING: IEEEtran.bst: No hyphenation pattern has been
** loaded for the language `en'. Using the pattern for
** the default language instead.
)

** Conference Paper **
Before submitting the final camera ready copy, remember to:

 1. Manually equalize the lengths of two columns on the last page
 of your paper;

 2. Ensure that any PostScript and/or PDF output post-processing
 uses only Type 1 fonts and that every step in the generation
 process uses the appropriate paper size.

[11] (ms.aux) ) 
Here is how much of TeX's memory you used:
 4638 strings out of 493323
 73817 string characters out of 3139072
 143772 words of memory out of 3000000
 8025 multiletter control sequences out of 15000+200000
 119789 words of font info for 129 fonts, out of 3000000 for 9000
 1141 hyphenation exceptions out of 8191
 39i,13n,26p,1550b,327s stack positions out of 5000i,500n,10000p,200000b,50000s
{C:/Program Files/MiKTeX 2.9/fonts/enc/dvips/base/8r.enc}<C:/Pro
gram Files/MiKTeX 2.9/fonts/type1/public/amsfonts/cm/cmbx10.pfb><C:/Program Fil
es/MiKTeX 2.9/fonts/type1/public/amsfonts/cm/cmex10.pfb><C:/Program Files/MiKTe
X 2.9/fonts/type1/public/amsfonts/cm/cmmi10.pfb><C:/Program Files/MiKTeX 2.9/fo
nts/type1/public/amsfonts/cm/cmmi5.pfb><C:/Program Files/MiKTeX 2.9/fonts/type1
/public/amsfonts/cm/cmmi7.pfb><C:/Program Files/MiKTeX 2.9/fonts/type1/public/a
msfonts/cm/cmr10.pfb><C:/Program Files/MiKTeX 2.9/fonts/type1/public/amsfonts/c
m/cmr5.pfb><C:/Program Files/MiKTeX 2.9/fonts/type1/public/amsfonts/cm/cmr7.pfb
><C:/Program Files/MiKTeX 2.9/fonts/type1/public/amsfonts/cm/cmsy10.pfb><C:/Pro
gram Files/MiKTeX 2.9/fonts/type1/public/amsfonts/cm/cmsy5.pfb><C:/Program File
s/MiKTeX 2.9/fonts/type1/public/amsfonts/cm/cmsy7.pfb><C:/Program Files/MiKTeX 
2.9/fonts/type1/public/amsfonts/cm/cmsy8.pfb><C:/Program Files/MiKTeX 2.9/fonts
/type1/urw/times/utmb8a.pfb><C:/Program Files/MiKTeX 2.9/fonts/type1/urw/times/
utmbi8a.pfb><C:/Program Files/MiKTeX 2.9/fonts/type1/urw/times/utmr8a.pfb><C:/P
rogram Files/MiKTeX 2.9/fonts/type1/urw/times/utmri8a.pfb>
Output written on ms.pdf (11 pages, 1843246 bytes).
PDF statistics:
 197 PDF objects out of 1000 (max. 8388607)
 0 named destinations out of 1000 (max. 500000)
 176 words of extra memory for PDF output out of 10000 (max. 10000000)

